Log file open, 03/17/20 20:30:49
LogWindows: Failed to load 'aqProf.dll' (GetLastError=126)
LogWindows: File 'aqProf.dll' does not exist
LogWindows: Failed to load 'VtuneApi.dll' (GetLastError=126)
LogWindows: File 'VtuneApi.dll' does not exist
LogWindows: Failed to load 'VtuneApi32e.dll' (GetLastError=126)
LogWindows: File 'VtuneApi32e.dll' does not exist
LogConsoleResponse: Display: Failed to find resolution value strings in scalability ini. Falling back to default.
LogInit: Display: Running engine for game: ProjectBlue
LogPakFile: Registered encryption key '00000000000000000000000000000000': 0 pak files mounted, 0 remain pending
LogPlatformFile: Not using cached read wrapper
LogTaskGraph: Started task graph with 5 named threads and 23 total threads with 3 sets of task threads.
LogStats: Stats thread started at 0.289503
LogD3D11RHI: Loaded GFSDK_Aftermath_Lib.x64.dll
LogICUInternationalization: ICU TimeZone Detection - Raw Offset: +0:00, Platform Override: ''
LogPluginManager: Mounting plugin Paper2D
LogPluginManager: Mounting plugin AISupport
LogPluginManager: Mounting plugin LightPropagationVolume
LogPluginManager: Mounting plugin ActorLayerUtilities
LogPluginManager: Mounting plugin AnimationSharing
LogPluginManager: Mounting plugin CLionSourceCodeAccess
LogPluginManager: Mounting plugin CodeLiteSourceCodeAccess
LogPluginManager: Mounting plugin GitSourceControl
LogPluginManager: Mounting plugin KDevelopSourceCodeAccess
LogPluginManager: Mounting plugin NullSourceCodeAccess
LogPluginManager: Mounting plugin PerforceSourceControl
LogPluginManager: Mounting plugin SubversionSourceControl
LogPluginManager: Mounting plugin UObjectPlugin
LogPluginManager: Mounting plugin VisualStudioCodeSourceCodeAccess
LogPluginManager: Mounting plugin VisualStudioSourceCodeAccess
LogPluginManager: Mounting plugin XCodeSourceCodeAccess
LogPluginManager: Mounting plugin AssetManagerEditor
LogPluginManager: Mounting plugin CryptoKeys
LogPluginManager: Mounting plugin DataValidation
LogPluginManager: Mounting plugin FacialAnimation
LogPluginManager: Mounting plugin GameplayTagsEditor
LogPluginManager: Mounting plugin MacGraphicsSwitching
LogPluginManager: Mounting plugin MaterialAnalyzer
LogPluginManager: Mounting plugin MobileLauncherProfileWizard
LogPluginManager: Mounting plugin PluginBrowser
LogPluginManager: Mounting plugin SpeedTreeImporter
LogPluginManager: Mounting plugin DatasmithContent
LogPluginManager: Mounting plugin VariantManagerContent
LogPluginManager: Mounting plugin AlembicImporter
LogPluginManager: Mounting plugin AppleImageUtils
LogPluginManager: Mounting plugin AppleVision
LogPluginManager: Mounting plugin BackChannel
LogPluginManager: Mounting plugin CharacterAI
LogPluginManager: Mounting plugin GeometryCache
LogPluginManager: Mounting plugin HTML5Networking
LogPluginManager: Mounting plugin ProxyLODPlugin
LogPluginManager: Mounting plugin SkeletalReduction
LogPluginManager: Mounting plugin MagicLeap
LogPluginManager: Mounting plugin MagicLeapMedia
LogPluginManager: Mounting plugin AndroidMedia
LogPluginManager: Mounting plugin AvfMedia
LogPluginManager: Mounting plugin ImgMedia
LogPluginManager: Mounting plugin LinearTimecode
LogPluginManager: Mounting plugin MediaCompositing
LogPluginManager: Mounting plugin MediaPlayerEditor
LogPluginManager: Mounting plugin WebMMedia
LogPluginManager: Mounting plugin WmfMedia
LogPluginManager: Mounting plugin TcpMessaging
LogPluginManager: Mounting plugin UdpMessaging
LogPluginManager: Mounting plugin ActorSequence
LogPluginManager: Mounting plugin LevelSequenceEditor
LogPluginManager: Mounting plugin MatineeToLevelSequence
LogPluginManager: Mounting plugin NetcodeUnitTest
LogPluginManager: Mounting plugin NUTUnrealEngine4
LogPluginManager: Mounting plugin OnlineSubsystemGooglePlay
LogPluginManager: Mounting plugin OnlineSubsystemIOS
LogPluginManager: Mounting plugin OnlineSubsystem
LogPluginManager: Mounting plugin OnlineSubsystemNull
LogPluginManager: Mounting plugin OnlineSubsystemUtils
LogPluginManager: Mounting plugin LauncherChunkInstaller
LogPluginManager: Mounting plugin AndroidDeviceProfileSelector
LogPluginManager: Mounting plugin AndroidMoviePlayer
LogPluginManager: Mounting plugin AndroidPermission
LogPluginManager: Mounting plugin AppleMoviePlayer
LogPluginManager: Mounting plugin ArchVisCharacter
LogPluginManager: Mounting plugin AudioCapture
LogPluginManager: Mounting plugin CableComponent
LogPluginManager: Mounting plugin CustomMeshComponent
LogPluginManager: Mounting plugin EditableMesh
LogPluginManager: Mounting plugin ExampleDeviceProfileSelector
LogPluginManager: Mounting plugin Firebase
LogPluginManager: Mounting plugin GoogleCloudMessaging
LogPluginManager: Mounting plugin IOSDeviceProfileSelector
LogPluginManager: Mounting plugin LinuxDeviceProfileSelector
LogPluginManager: Mounting plugin LocationServicesBPLibrary
LogPluginManager: Mounting plugin MobilePatchingUtils
LogPluginManager: Mounting plugin OculusVR
LogPluginManager: Mounting plugin PhysXVehicles
LogPluginManager: Mounting plugin ProceduralMeshComponent
LogPluginManager: Mounting plugin RuntimePhysXCooking
LogPluginManager: Mounting plugin SignificanceManager
LogPluginManager: Mounting plugin SteamVR
LogPluginManager: Mounting plugin WebMMoviePlayer
LogPluginManager: Mounting plugin WindowsMoviePlayer
LogInit: Using libcurl 7.55.1-DEV
LogInit:  - built for x86_64-pc-win32
LogInit:  - supports SSL with OpenSSL/1.1.1
LogInit:  - supports HTTP deflate (compression) using libz 1.2.8
LogInit:  - other features:
LogInit:      CURL_VERSION_SSL
LogInit:      CURL_VERSION_LIBZ
LogInit:      CURL_VERSION_IPV6
LogInit:      CURL_VERSION_ASYNCHDNS
LogInit:      CURL_VERSION_LARGEFILE
LogInit:      CURL_VERSION_IDN
LogInit:  CurlRequestOptions (configurable via config and command line):
LogInit:  - bVerifyPeer = true  - Libcurl will verify peer certificate
LogInit:  - bUseHttpProxy = false  - Libcurl will NOT use HTTP proxy
LogInit:  - bDontReuseConnections = false  - Libcurl will reuse connections
LogInit:  - MaxHostConnections = 16  - Libcurl will limit the number of connections to a host
LogInit:  - LocalHostAddr = Default
LogInit:  - BufferSize = 65536
LogInit: WinSock: version 1.1 (2.2), MaxSocks=32767, MaxUdp=65467
LogInit: Build: ++UE4+Release-4.22-CL-7053642
LogInit: Engine Version: 4.22.3-7053642+++UE4+Release-4.22
LogInit: Compatible Engine Version: 4.22.0-5660361+++UE4+Release-4.22
LogInit: Net CL: 5660361
LogInit: OS: Windows 10 (Release 1903) (), CPU: Intel(R) Core(TM) i7-4700MQ CPU @ 2.40GHz, GPU: Intel(R) HD Graphics 4600
LogInit: Compiled (64-bit): Jun 18 2019 03:09:11
LogInit: Compiled with Visual C++: 19.16.27025.01
LogInit: Build Configuration: Development
LogInit: Branch Name: ++UE4+Release-4.22
LogInit: Command Line:  -EpicPortal -epicusername=neoiha -epicuserid=6ff53c05a1c540a1983c631e0e19ed9d -epiclocale=fr
LogInit: Base Directory: E:/Epic Games/UE_4.22/Engine/Binaries/Win64/
LogInit: Installed Engine Build: 1
LogDevObjectVersion: Number of dev versions registered: 23
LogDevObjectVersion:   Dev-Blueprints (B0D832E4-1F89-4F0D-ACCF-7EB736FD4AA2): 10
LogDevObjectVersion:   Dev-Build (E1C64328-A22C-4D53-A36C-8E866417BD8C): 0
LogDevObjectVersion:   Dev-Core (375EC13C-06E4-48FB-B500-84F0262A717E): 3
LogDevObjectVersion:   Dev-Editor (E4B068ED-F494-42E9-A231-DA0B2E46BB41): 30
LogDevObjectVersion:   Dev-Framework (CFFC743F-43B0-4480-9391-14DF171D2073): 35
LogDevObjectVersion:   Dev-Mobile (B02B49B5-BB20-44E9-A304-32B752E40360): 2
LogDevObjectVersion:   Dev-Networking (A4E4105C-59A1-49B5-A7C5-40C4547EDFEE): 0
LogDevObjectVersion:   Dev-Online (39C831C9-5AE6-47DC-9A44-9C173E1C8E7C): 0
LogDevObjectVersion:   Dev-Physics (78F01B33-EBEA-4F98-B9B4-84EACCB95AA2): 0
LogDevObjectVersion:   Dev-Platform (6631380F-2D4D-43E0-8009-CF276956A95A): 0
LogDevObjectVersion:   Dev-Rendering (12F88B9F-8875-4AFC-A67C-D90C383ABD29): 28
LogDevObjectVersion:   Dev-Sequencer (7B5AE74C-D270-4C10-A958-57980B212A5A): 11
LogDevObjectVersion:   Dev-VR (D7296918-1DD6-4BDD-9DE2-64A83CC13884): 2
LogDevObjectVersion:   Dev-LoadTimes (C2A15278-BFE7-4AFE-6C17-90FF531DF755): 1
LogDevObjectVersion:   Private-Geometry (6EACA3D4-40EC-4CC1-B786-8BED09428FC5): 3
LogDevObjectVersion:   Dev-AnimPhys (29E575DD-E0A3-4627-9D10-D276232CDCEA): 17
LogDevObjectVersion:   Dev-Anim (AF43A65D-7FD3-4947-9873-3E8ED9C1BB05): 2
LogDevObjectVersion:   Dev-ReflectionCapture (6B266CEC-1EC7-4B8F-A30B-E4D90942FC07): 1
LogDevObjectVersion:   Dev-Automation (0DF73D61-A23F-47EA-B727-89E90C41499A): 1
LogDevObjectVersion:   FortniteMain (601D1886-AC64-4F84-AA16-D3DE0DEAC7D6): 25
LogDevObjectVersion:   Dev-Enterprise (9DFFBCD6-494F-0158-E221-12823C92A888): 6
LogDevObjectVersion:   Dev-Niagara (F2AED0AC-9AFE-416F-8664-AA7FFA26D6FC): 1
LogDevObjectVersion:   Dev-Destruction (174F1F0B-B4C6-45A5-B13F-2EE8D0FB917D): 2
LogInit: Presizing for max 16777216 objects, including 0 objects not considered by GC, pre-allocating 0 bytes for permanent pool.
LogInit: Object subsystem initialized
LogConfig: Setting CVar [[con.DebugEarlyDefault:1]]
LogConfig: Setting CVar [[r.setres:1280x720]]
[2020.03.17-19.30.49:993][  0]LogConfig: Setting CVar [[r.VSync:0]]
[2020.03.17-19.30.49:993][  0]LogConfig: Setting CVar [[r.RHICmdBypass:0]]
[2020.03.17-19.30.49:993][  0]LogConfig: Applying CVar settings from Section [/Script/Engine.RendererSettings] File [D:/MyProjects/ProjectBlueUE422/ProjectBlue - Copie/ProjectBlue/Saved/Config/Windows/Engine.ini]
[2020.03.17-19.30.49:993][  0]LogConfig: Setting CVar [[r.GPUCrashDebugging:0]]
[2020.03.17-19.30.49:993][  0]LogConfig: Applying CVar settings from Section [/Script/Engine.RendererOverrideSettings] File [D:/MyProjects/ProjectBlueUE422/ProjectBlue - Copie/ProjectBlue/Saved/Config/Windows/Engine.ini]
[2020.03.17-19.30.49:993][  0]LogConfig: Applying CVar settings from Section [/Script/Engine.StreamingSettings] File [D:/MyProjects/ProjectBlueUE422/ProjectBlue - Copie/ProjectBlue/Saved/Config/Windows/Engine.ini]
[2020.03.17-19.30.49:993][  0]LogConfig: Setting CVar [[s.MinBulkDataSizeForAsyncLoading:131072]]
[2020.03.17-19.30.49:993][  0]LogConfig: Setting CVar [[s.AsyncLoadingThreadEnabled:0]]
[2020.03.17-19.30.49:993][  0]LogConfig: Setting CVar [[s.EventDrivenLoaderEnabled:1]]
[2020.03.17-19.30.49:993][  0]LogConfig: Setting CVar [[s.WarnIfTimeLimitExceeded:0]]
[2020.03.17-19.30.49:993][  0]LogConfig: Setting CVar [[s.TimeLimitExceededMultiplier:1.5]]
[2020.03.17-19.30.49:993][  0]LogConfig: Setting CVar [[s.TimeLimitExceededMinTime:0.005]]
[2020.03.17-19.30.49:993][  0]LogConfig: Setting CVar [[s.UseBackgroundLevelStreaming:1]]
[2020.03.17-19.30.49:993][  0]LogConfig: Setting CVar [[s.PriorityAsyncLoadingExtraTime:15.0]]
[2020.03.17-19.30.49:993][  0]LogConfig: Setting CVar [[s.LevelStreamingActorsUpdateTimeLimit:5.0]]
[2020.03.17-19.30.49:993][  0]LogConfig: Setting CVar [[s.PriorityLevelStreamingActorsUpdateExtraTime:5.0]]
[2020.03.17-19.30.49:993][  0]LogConfig: Setting CVar [[s.LevelStreamingComponentsRegistrationGranularity:10]]
[2020.03.17-19.30.49:993][  0]LogConfig: Setting CVar [[s.UnregisterComponentsTimeLimit:1.0]]
[2020.03.17-19.30.49:993][  0]LogConfig: Setting CVar [[s.LevelStreamingComponentsUnregistrationGranularity:5]]
[2020.03.17-19.30.49:993][  0]LogConfig: Applying CVar settings from Section [/Script/Engine.GarbageCollectionSettings] File [D:/MyProjects/ProjectBlueUE422/ProjectBlue - Copie/ProjectBlue/Saved/Config/Windows/Engine.ini]
[2020.03.17-19.30.49:993][  0]LogConfig: Setting CVar [[gc.MaxObjectsNotConsideredByGC:1]]
[2020.03.17-19.30.49:993][  0]LogConfig: Setting CVar [[gc.SizeOfPermanentObjectPool:0]]
[2020.03.17-19.30.49:993][  0]LogConfig: Setting CVar [[gc.FlushStreamingOnGC:0]]
[2020.03.17-19.30.49:993][  0]LogConfig: Setting CVar [[gc.NumRetriesBeforeForcingGC:10]]
[2020.03.17-19.30.49:993][  0]LogConfig: Setting CVar [[gc.AllowParallelGC:1]]
[2020.03.17-19.30.49:993][  0]LogConfig: Setting CVar [[gc.TimeBetweenPurgingPendingKillObjects:61.1]]
[2020.03.17-19.30.49:993][  0]LogConfig: Setting CVar [[gc.MaxObjectsInEditor:16777216]]
[2020.03.17-19.30.49:993][  0]LogConfig: Setting CVar [[gc.IncrementalBeginDestroyEnabled:1]]
[2020.03.17-19.30.49:993][  0]LogConfig: Setting CVar [[gc.CreateGCClusters:1]]
[2020.03.17-19.30.49:993][  0]LogConfig: Setting CVar [[gc.MinGCClusterSize:5]]
[2020.03.17-19.30.49:993][  0]LogConfig: Setting CVar [[gc.ActorClusteringEnabled:0]]
[2020.03.17-19.30.49:993][  0]LogConfig: Setting CVar [[gc.BlueprintClusteringEnabled:0]]
[2020.03.17-19.30.49:993][  0]LogConfig: Setting CVar [[gc.UseDisregardForGCOnDedicatedServers:0]]
[2020.03.17-19.30.49:993][  0]LogConfig: Applying CVar settings from Section [/Script/Engine.NetworkSettings] File [D:/MyProjects/ProjectBlueUE422/ProjectBlue - Copie/ProjectBlue/Saved/Config/Windows/Engine.ini]
[2020.03.17-19.30.49:993][  0]LogConfig: Applying CVar settings from Section [/Script/UnrealEd.CookerSettings] File [D:/MyProjects/ProjectBlueUE422/ProjectBlue - Copie/ProjectBlue/Saved/Config/Windows/Engine.ini]
[2020.03.17-19.30.49:995][  0]LogConfig: Applying CVar settings from Section [ViewDistanceQuality@3] File [D:/MyProjects/ProjectBlueUE422/ProjectBlue - Copie/ProjectBlue/Saved/Config/Windows/Scalability.ini]
[2020.03.17-19.30.49:995][  0]LogConfig: Setting CVar [[r.SkeletalMeshLODBias:0]]
[2020.03.17-19.30.49:995][  0]LogConfig: Setting CVar [[r.ViewDistanceScale:1.0]]
[2020.03.17-19.30.49:995][  0]LogConfig: Applying CVar settings from Section [AntiAliasingQuality@3] File [D:/MyProjects/ProjectBlueUE422/ProjectBlue - Copie/ProjectBlue/Saved/Config/Windows/Scalability.ini]
[2020.03.17-19.30.49:995][  0]LogConfig: Setting CVar [[r.PostProcessAAQuality:4]]
[2020.03.17-19.30.49:995][  0]LogConfig: Applying CVar settings from Section [ShadowQuality@3] File [D:/MyProjects/ProjectBlueUE422/ProjectBlue - Copie/ProjectBlue/Saved/Config/Windows/Scalability.ini]
[2020.03.17-19.30.49:995][  0]LogConfig: Setting CVar [[r.LightFunctionQuality:1]]
[2020.03.17-19.30.49:995][  0]LogConfig: Setting CVar [[r.ShadowQuality:5]]
[2020.03.17-19.30.49:995][  0]LogConfig: Setting CVar [[r.Shadow.CSM.MaxCascades:10]]
[2020.03.17-19.30.49:995][  0]LogConfig: Setting CVar [[r.Shadow.MaxResolution:2048]]
[2020.03.17-19.30.49:995][  0]LogConfig: Setting CVar [[r.Shadow.MaxCSMResolution:2048]]
[2020.03.17-19.30.49:995][  0]LogConfig: Setting CVar [[r.Shadow.RadiusThreshold:0.01]]
[2020.03.17-19.30.49:995][  0]LogConfig: Setting CVar [[r.Shadow.DistanceScale:1.0]]
[2020.03.17-19.30.49:995][  0]LogConfig: Setting CVar [[r.Shadow.CSM.TransitionScale:1.0]]
[2020.03.17-19.30.49:995][  0]LogConfig: Setting CVar [[r.Shadow.PreShadowResolutionFactor:1.0]]
[2020.03.17-19.30.49:995][  0]LogConfig: Setting CVar [[r.DistanceFieldShadowing:1]]
[2020.03.17-19.30.49:995][  0]LogConfig: Setting CVar [[r.DistanceFieldAO:1]]
[2020.03.17-19.30.49:995][  0]LogConfig: Setting CVar [[r.AOQuality:2]]
[2020.03.17-19.30.49:995][  0]LogConfig: Setting CVar [[r.VolumetricFog:1]]
[2020.03.17-19.30.49:995][  0]LogConfig: Setting CVar [[r.VolumetricFog.GridPixelSize:8]]
[2020.03.17-19.30.49:995][  0]LogConfig: Setting CVar [[r.VolumetricFog.GridSizeZ:128]]
[2020.03.17-19.30.49:996][  0]LogConfig: Setting CVar [[r.VolumetricFog.HistoryMissSupersampleCount:4]]
[2020.03.17-19.30.49:996][  0]LogConfig: Setting CVar [[r.LightMaxDrawDistanceScale:1]]
[2020.03.17-19.30.49:996][  0]LogConfig: Setting CVar [[r.CapsuleShadows:1]]
[2020.03.17-19.30.49:996][  0]LogConfig: Applying CVar settings from Section [PostProcessQuality@3] File [D:/MyProjects/ProjectBlueUE422/ProjectBlue - Copie/ProjectBlue/Saved/Config/Windows/Scalability.ini]
[2020.03.17-19.30.49:996][  0]LogConfig: Setting CVar [[r.MotionBlurQuality:4]]
[2020.03.17-19.30.49:996][  0]LogConfig: Setting CVar [[r.AmbientOcclusionMipLevelFactor:0.4]]
[2020.03.17-19.30.49:996][  0]LogConfig: Setting CVar [[r.AmbientOcclusionMaxQuality:100]]
[2020.03.17-19.30.49:996][  0]LogConfig: Setting CVar [[r.AmbientOcclusionLevels:-1]]
[2020.03.17-19.30.49:996][  0]LogConfig: Setting CVar [[r.AmbientOcclusionRadiusScale:1.0]]
[2020.03.17-19.30.49:996][  0]LogConfig: Setting CVar [[r.DepthOfFieldQuality:2]]
[2020.03.17-19.30.49:996][  0]LogConfig: Setting CVar [[r.RenderTargetPoolMin:400]]
[2020.03.17-19.30.49:996][  0]LogConfig: Setting CVar [[r.LensFlareQuality:2]]
[2020.03.17-19.30.49:996][  0]LogConfig: Setting CVar [[r.SceneColorFringeQuality:1]]
[2020.03.17-19.30.49:996][  0]LogConfig: Setting CVar [[r.EyeAdaptationQuality:2]]
[2020.03.17-19.30.49:996][  0]LogConfig: Setting CVar [[r.BloomQuality:5]]
[2020.03.17-19.30.49:996][  0]LogConfig: Setting CVar [[r.FastBlurThreshold:100]]
[2020.03.17-19.30.49:996][  0]LogConfig: Setting CVar [[r.Upscale.Quality:3]]
[2020.03.17-19.30.49:996][  0]LogConfig: Setting CVar [[r.Tonemapper.GrainQuantization:1]]
[2020.03.17-19.30.49:996][  0]LogConfig: Setting CVar [[r.LightShaftQuality:1]]
[2020.03.17-19.30.49:996][  0]LogConfig: Setting CVar [[r.Filter.SizeScale:1]]
[2020.03.17-19.30.49:996][  0]LogConfig: Setting CVar [[r.Tonemapper.Quality:5]]
[2020.03.17-19.30.49:996][  0]LogConfig: Setting CVar [[r.DOF.Gather.AccumulatorQuality:1        ; higher gathering accumulator quality]]
[2020.03.17-19.30.49:996][  0]LogConfig: Setting CVar [[r.DOF.Gather.PostfilterMethod:1          ; Median3x3 postfilering method]]
[2020.03.17-19.30.49:996][  0]LogConfig: Setting CVar [[r.DOF.Gather.EnableBokehSettings:0       ; no bokeh simulation when gathering]]
[2020.03.17-19.30.49:996][  0]LogConfig: Setting CVar [[r.DOF.Gather.RingCount:4                 ; medium number of samples when gathering]]
[2020.03.17-19.30.49:996][  0]LogConfig: Setting CVar [[r.DOF.Scatter.ForegroundCompositing:1    ; additive foreground scattering]]
[2020.03.17-19.30.49:996][  0]LogConfig: Setting CVar [[r.DOF.Scatter.BackgroundCompositing:2    ; additive background scattering]]
[2020.03.17-19.30.49:996][  0]LogConfig: Setting CVar [[r.DOF.Scatter.EnableBokehSettings:1      ; bokeh simulation when scattering]]
[2020.03.17-19.30.49:996][  0]LogConfig: Setting CVar [[r.DOF.Scatter.MaxSpriteRatio:0.1         ; only a maximum of 10% of scattered bokeh]]
[2020.03.17-19.30.49:996][  0]LogConfig: Setting CVar [[r.DOF.Recombine.Quality:1                ; cheap slight out of focus]]
[2020.03.17-19.30.49:996][  0]LogConfig: Setting CVar [[r.DOF.Recombine.EnableBokehSettings:0    ; no bokeh simulation on slight out of focus]]
[2020.03.17-19.30.49:996][  0]LogConfig: Setting CVar [[r.DOF.TemporalAAQuality:1                ; more stable temporal accumulation]]
[2020.03.17-19.30.49:996][  0]LogConfig: Setting CVar [[r.DOF.Kernel.MaxForegroundRadius:0.025]]
[2020.03.17-19.30.49:996][  0]LogConfig: Setting CVar [[r.DOF.Kernel.MaxBackgroundRadius:0.025]]
[2020.03.17-19.30.49:996][  0]LogConfig: Applying CVar settings from Section [TextureQuality@3] File [D:/MyProjects/ProjectBlueUE422/ProjectBlue - Copie/ProjectBlue/Saved/Config/Windows/Scalability.ini]
[2020.03.17-19.30.49:996][  0]LogConfig: Setting CVar [[r.Streaming.MipBias:0]]
[2020.03.17-19.30.49:996][  0]LogConfig: Setting CVar [[r.Streaming.AmortizeCPUToGPUCopy:0]]
[2020.03.17-19.30.49:996][  0]LogConfig: Setting CVar [[r.Streaming.MaxNumTexturesToStreamPerFrame:0]]
[2020.03.17-19.30.49:996][  0]LogConfig: Setting CVar [[r.Streaming.Boost:1]]
[2020.03.17-19.30.49:996][  0]LogConfig: Setting CVar [[r.MaxAnisotropy:8]]
[2020.03.17-19.30.49:996][  0]LogConfig: Setting CVar [[r.Streaming.LimitPoolSizeToVRAM:0]]
[2020.03.17-19.30.49:996][  0]LogConfig: Setting CVar [[r.Streaming.PoolSize:1000]]
[2020.03.17-19.30.49:996][  0]LogConfig: Setting CVar [[r.Streaming.MaxEffectiveScreenSize:0]]
[2020.03.17-19.30.49:996][  0]LogConfig: Applying CVar settings from Section [EffectsQuality@3] File [D:/MyProjects/ProjectBlueUE422/ProjectBlue - Copie/ProjectBlue/Saved/Config/Windows/Scalability.ini]
[2020.03.17-19.30.49:996][  0]LogConfig: Setting CVar [[r.TranslucencyLightingVolumeDim:64]]
[2020.03.17-19.30.49:996][  0]LogConfig: Setting CVar [[r.RefractionQuality:2]]
[2020.03.17-19.30.49:996][  0]LogConfig: Setting CVar [[r.SSR.Quality:3]]
[2020.03.17-19.30.49:996][  0]LogConfig: Setting CVar [[r.SceneColorFormat:4]]
[2020.03.17-19.30.49:996][  0]LogConfig: Setting CVar [[r.DetailMode:2]]
[2020.03.17-19.30.49:996][  0]LogConfig: Setting CVar [[r.TranslucencyVolumeBlur:1]]
[2020.03.17-19.30.49:996][  0]LogConfig: Setting CVar [[r.MaterialQualityLevel:1 ; High quality]]
[2020.03.17-19.30.49:996][  0]LogConfig: Setting CVar [[r.SSS.Scale:1]]
[2020.03.17-19.30.49:996][  0]LogConfig: Setting CVar [[r.SSS.SampleSet:2]]
[2020.03.17-19.30.49:996][  0]LogConfig: Setting CVar [[r.SSS.Quality:1]]
[2020.03.17-19.30.49:996][  0]LogConfig: Setting CVar [[r.SSS.HalfRes:1]]
[2020.03.17-19.30.49:996][  0]LogConfig: Setting CVar [[r.EmitterSpawnRateScale:1.0]]
[2020.03.17-19.30.49:996][  0]LogConfig: Setting CVar [[r.ParticleLightQuality:2]]
[2020.03.17-19.30.49:996][  0]LogConfig: Applying CVar settings from Section [FoliageQuality@3] File [D:/MyProjects/ProjectBlueUE422/ProjectBlue - Copie/ProjectBlue/Saved/Config/Windows/Scalability.ini]
[2020.03.17-19.30.49:996][  0]LogConfig: Setting CVar [[foliage.DensityScale:1.0]]
[2020.03.17-19.30.49:996][  0]LogConfig: Setting CVar [[grass.DensityScale:1.0]]
[2020.03.17-19.30.49:996][  0]LogInit: Selected Device Profile: [Windows]
[2020.03.17-19.30.49:996][  0]LogInit: Applying CVar settings loaded from the selected device profile: [Windows]
[2020.03.17-19.30.50:033][  0]LogHAL: Display: Platform has ~ 8 GB [8522936320 / 8589934592 / 8], which maps to Default [LargestMinGB=32, LargerMinGB=12, DefaultMinGB=8, SmallerMinGB=6, SmallestMinGB=0)
[2020.03.17-19.30.50:033][  0]LogConfig: Setting CVar [[r.Vulkan.UseRealUBs:0		; Required until we fix HLR fall-out]]
[2020.03.17-19.30.50:033][  0]LogInit: Going up to parent DeviceProfile []
[2020.03.17-19.30.50:033][  0]LogConfig: Applying CVar settings from Section [ViewDistanceQuality@3] File [D:/MyProjects/ProjectBlueUE422/ProjectBlue - Copie/ProjectBlue/Saved/Config/Windows/Scalability.ini]
[2020.03.17-19.30.50:033][  0]LogConfig: Setting CVar [[r.SkeletalMeshLODBias:0]]
[2020.03.17-19.30.50:033][  0]LogConfig: Setting CVar [[r.ViewDistanceScale:1.0]]
[2020.03.17-19.30.50:033][  0]LogConfig: Applying CVar settings from Section [AntiAliasingQuality@3] File [D:/MyProjects/ProjectBlueUE422/ProjectBlue - Copie/ProjectBlue/Saved/Config/Windows/Scalability.ini]
[2020.03.17-19.30.50:033][  0]LogConfig: Setting CVar [[r.PostProcessAAQuality:4]]
[2020.03.17-19.30.50:034][  0]LogConfig: Applying CVar settings from Section [ShadowQuality@3] File [D:/MyProjects/ProjectBlueUE422/ProjectBlue - Copie/ProjectBlue/Saved/Config/Windows/Scalability.ini]
[2020.03.17-19.30.50:034][  0]LogConfig: Setting CVar [[r.LightFunctionQuality:1]]
[2020.03.17-19.30.50:034][  0]LogConfig: Setting CVar [[r.ShadowQuality:5]]
[2020.03.17-19.30.50:034][  0]LogConfig: Setting CVar [[r.Shadow.CSM.MaxCascades:10]]
[2020.03.17-19.30.50:034][  0]LogConfig: Setting CVar [[r.Shadow.MaxResolution:2048]]
[2020.03.17-19.30.50:034][  0]LogConfig: Setting CVar [[r.Shadow.MaxCSMResolution:2048]]
[2020.03.17-19.30.50:034][  0]LogConfig: Setting CVar [[r.Shadow.RadiusThreshold:0.01]]
[2020.03.17-19.30.50:034][  0]LogConfig: Setting CVar [[r.Shadow.DistanceScale:1.0]]
[2020.03.17-19.30.50:034][  0]LogConfig: Setting CVar [[r.Shadow.CSM.TransitionScale:1.0]]
[2020.03.17-19.30.50:034][  0]LogConfig: Setting CVar [[r.Shadow.PreShadowResolutionFactor:1.0]]
[2020.03.17-19.30.50:034][  0]LogConfig: Setting CVar [[r.DistanceFieldShadowing:1]]
[2020.03.17-19.30.50:034][  0]LogConfig: Setting CVar [[r.DistanceFieldAO:1]]
[2020.03.17-19.30.50:034][  0]LogConfig: Setting CVar [[r.AOQuality:2]]
[2020.03.17-19.30.50:034][  0]LogConfig: Setting CVar [[r.VolumetricFog:1]]
[2020.03.17-19.30.50:034][  0]LogConfig: Setting CVar [[r.VolumetricFog.GridPixelSize:8]]
[2020.03.17-19.30.50:034][  0]LogConfig: Setting CVar [[r.VolumetricFog.GridSizeZ:128]]
[2020.03.17-19.30.50:034][  0]LogConfig: Setting CVar [[r.VolumetricFog.HistoryMissSupersampleCount:4]]
[2020.03.17-19.30.50:034][  0]LogConfig: Setting CVar [[r.LightMaxDrawDistanceScale:1]]
[2020.03.17-19.30.50:034][  0]LogConfig: Setting CVar [[r.CapsuleShadows:1]]
[2020.03.17-19.30.50:034][  0]LogConfig: Applying CVar settings from Section [PostProcessQuality@3] File [D:/MyProjects/ProjectBlueUE422/ProjectBlue - Copie/ProjectBlue/Saved/Config/Windows/Scalability.ini]
[2020.03.17-19.30.50:034][  0]LogConfig: Setting CVar [[r.MotionBlurQuality:4]]
[2020.03.17-19.30.50:034][  0]LogConfig: Setting CVar [[r.AmbientOcclusionMipLevelFactor:0.4]]
[2020.03.17-19.30.50:034][  0]LogConfig: Setting CVar [[r.AmbientOcclusionMaxQuality:100]]
[2020.03.17-19.30.50:034][  0]LogConfig: Setting CVar [[r.AmbientOcclusionLevels:-1]]
[2020.03.17-19.30.50:034][  0]LogConfig: Setting CVar [[r.AmbientOcclusionRadiusScale:1.0]]
[2020.03.17-19.30.50:034][  0]LogConfig: Setting CVar [[r.DepthOfFieldQuality:2]]
[2020.03.17-19.30.50:034][  0]LogConfig: Setting CVar [[r.RenderTargetPoolMin:400]]
[2020.03.17-19.30.50:034][  0]LogConfig: Setting CVar [[r.LensFlareQuality:2]]
[2020.03.17-19.30.50:034][  0]LogConfig: Setting CVar [[r.SceneColorFringeQuality:1]]
[2020.03.17-19.30.50:034][  0]LogConfig: Setting CVar [[r.EyeAdaptationQuality:2]]
[2020.03.17-19.30.50:034][  0]LogConfig: Setting CVar [[r.BloomQuality:5]]
[2020.03.17-19.30.50:034][  0]LogConfig: Setting CVar [[r.FastBlurThreshold:100]]
[2020.03.17-19.30.50:034][  0]LogConfig: Setting CVar [[r.Upscale.Quality:3]]
[2020.03.17-19.30.50:034][  0]LogConfig: Setting CVar [[r.Tonemapper.GrainQuantization:1]]
[2020.03.17-19.30.50:034][  0]LogConfig: Setting CVar [[r.LightShaftQuality:1]]
[2020.03.17-19.30.50:034][  0]LogConfig: Setting CVar [[r.Filter.SizeScale:1]]
[2020.03.17-19.30.50:034][  0]LogConfig: Setting CVar [[r.Tonemapper.Quality:5]]
[2020.03.17-19.30.50:034][  0]LogConfig: Setting CVar [[r.DOF.Gather.AccumulatorQuality:1        ; higher gathering accumulator quality]]
[2020.03.17-19.30.50:034][  0]LogConfig: Setting CVar [[r.DOF.Gather.PostfilterMethod:1          ; Median3x3 postfilering method]]
[2020.03.17-19.30.50:034][  0]LogConfig: Setting CVar [[r.DOF.Gather.EnableBokehSettings:0       ; no bokeh simulation when gathering]]
[2020.03.17-19.30.50:034][  0]LogConfig: Setting CVar [[r.DOF.Gather.RingCount:4                 ; medium number of samples when gathering]]
[2020.03.17-19.30.50:034][  0]LogConfig: Setting CVar [[r.DOF.Scatter.ForegroundCompositing:1    ; additive foreground scattering]]
[2020.03.17-19.30.50:034][  0]LogConfig: Setting CVar [[r.DOF.Scatter.BackgroundCompositing:2    ; additive background scattering]]
[2020.03.17-19.30.50:034][  0]LogConfig: Setting CVar [[r.DOF.Scatter.EnableBokehSettings:1      ; bokeh simulation when scattering]]
[2020.03.17-19.30.50:034][  0]LogConfig: Setting CVar [[r.DOF.Scatter.MaxSpriteRatio:0.1         ; only a maximum of 10% of scattered bokeh]]
[2020.03.17-19.30.50:034][  0]LogConfig: Setting CVar [[r.DOF.Recombine.Quality:1                ; cheap slight out of focus]]
[2020.03.17-19.30.50:034][  0]LogConfig: Setting CVar [[r.DOF.Recombine.EnableBokehSettings:0    ; no bokeh simulation on slight out of focus]]
[2020.03.17-19.30.50:034][  0]LogConfig: Setting CVar [[r.DOF.TemporalAAQuality:1                ; more stable temporal accumulation]]
[2020.03.17-19.30.50:034][  0]LogConfig: Setting CVar [[r.DOF.Kernel.MaxForegroundRadius:0.025]]
[2020.03.17-19.30.50:034][  0]LogConfig: Setting CVar [[r.DOF.Kernel.MaxBackgroundRadius:0.025]]
[2020.03.17-19.30.50:034][  0]LogConfig: Applying CVar settings from Section [TextureQuality@3] File [D:/MyProjects/ProjectBlueUE422/ProjectBlue - Copie/ProjectBlue/Saved/Config/Windows/Scalability.ini]
[2020.03.17-19.30.50:034][  0]LogConfig: Setting CVar [[r.Streaming.MipBias:0]]
[2020.03.17-19.30.50:034][  0]LogConfig: Setting CVar [[r.Streaming.AmortizeCPUToGPUCopy:0]]
[2020.03.17-19.30.50:034][  0]LogConfig: Setting CVar [[r.Streaming.MaxNumTexturesToStreamPerFrame:0]]
[2020.03.17-19.30.50:034][  0]LogConfig: Setting CVar [[r.Streaming.Boost:1]]
[2020.03.17-19.30.50:034][  0]LogConfig: Setting CVar [[r.MaxAnisotropy:8]]
[2020.03.17-19.30.50:034][  0]LogConfig: Setting CVar [[r.Streaming.LimitPoolSizeToVRAM:0]]
[2020.03.17-19.30.50:034][  0]LogConfig: Setting CVar [[r.Streaming.PoolSize:1000]]
[2020.03.17-19.30.50:034][  0]LogConfig: Setting CVar [[r.Streaming.MaxEffectiveScreenSize:0]]
[2020.03.17-19.30.50:034][  0]LogConfig: Applying CVar settings from Section [EffectsQuality@3] File [D:/MyProjects/ProjectBlueUE422/ProjectBlue - Copie/ProjectBlue/Saved/Config/Windows/Scalability.ini]
[2020.03.17-19.30.50:034][  0]LogConfig: Setting CVar [[r.TranslucencyLightingVolumeDim:64]]
[2020.03.17-19.30.50:034][  0]LogConfig: Setting CVar [[r.RefractionQuality:2]]
[2020.03.17-19.30.50:034][  0]LogConfig: Setting CVar [[r.SSR.Quality:3]]
[2020.03.17-19.30.50:034][  0]LogConfig: Setting CVar [[r.SceneColorFormat:4]]
[2020.03.17-19.30.50:034][  0]LogConfig: Setting CVar [[r.DetailMode:2]]
[2020.03.17-19.30.50:034][  0]LogConfig: Setting CVar [[r.TranslucencyVolumeBlur:1]]
[2020.03.17-19.30.50:034][  0]LogConfig: Setting CVar [[r.MaterialQualityLevel:1 ; High quality]]
[2020.03.17-19.30.50:034][  0]LogConfig: Setting CVar [[r.SSS.Scale:1]]
[2020.03.17-19.30.50:034][  0]LogConfig: Setting CVar [[r.SSS.SampleSet:2]]
[2020.03.17-19.30.50:035][  0]LogConfig: Setting CVar [[r.SSS.Quality:1]]
[2020.03.17-19.30.50:035][  0]LogConfig: Setting CVar [[r.SSS.HalfRes:1]]
[2020.03.17-19.30.50:035][  0]LogConfig: Setting CVar [[r.EmitterSpawnRateScale:1.0]]
[2020.03.17-19.30.50:035][  0]LogConfig: Setting CVar [[r.ParticleLightQuality:2]]
[2020.03.17-19.30.50:035][  0]LogConfig: Applying CVar settings from Section [FoliageQuality@3] File [D:/MyProjects/ProjectBlueUE422/ProjectBlue - Copie/ProjectBlue/Saved/Config/Windows/Scalability.ini]
[2020.03.17-19.30.50:035][  0]LogConfig: Setting CVar [[foliage.DensityScale:1.0]]
[2020.03.17-19.30.50:035][  0]LogConfig: Setting CVar [[grass.DensityScale:1.0]]
[2020.03.17-19.30.50:035][  0]LogConfig: Applying CVar settings from Section [Startup] File [../../../Engine/Config/ConsoleVariables.ini]
[2020.03.17-19.30.50:035][  0]LogConfig: Setting CVar [[net.UseAdaptiveNetUpdateFrequency:0]]
[2020.03.17-19.30.50:035][  0]LogConfig: Setting CVar [[p.chaos.AllowCreatePhysxBodies:1]]
[2020.03.17-19.30.50:035][  0]LogConfig: Applying CVar settings from Section [ConsoleVariables] File [D:/MyProjects/ProjectBlueUE422/ProjectBlue - Copie/ProjectBlue/Saved/Config/Windows/Engine.ini]
[2020.03.17-19.30.50:035][  0]LogInit: Computer: NEOIHA-PC
[2020.03.17-19.30.50:035][  0]LogInit: User: neoiha
[2020.03.17-19.30.50:035][  0]LogInit: CPU Page size=4096, Cores=4
[2020.03.17-19.30.50:035][  0]LogInit: High frequency timer resolution =10.000000 MHz
[2020.03.17-19.30.50:035][  0]LogMemory: Memory total: Physical=7.9GB (8GB approx)
[2020.03.17-19.30.50:035][  0]LogMemory: Platform Memory Stats for Windows
[2020.03.17-19.30.50:035][  0]LogMemory: Process Physical Memory: 97.68 MB used, 97.68 MB peak
[2020.03.17-19.30.50:035][  0]LogMemory: Process Virtual Memory: 89.02 MB used, 89.02 MB peak
[2020.03.17-19.30.50:035][  0]LogMemory: Physical Memory: 5133.18 MB used,  2994.93 MB free, 8128.11 MB total
[2020.03.17-19.30.50:035][  0]LogMemory: Virtual Memory: 4642.24 MB used,  134213088.00 MB free, 134217728.00 MB total
[2020.03.17-19.30.50:055][  0]LogInit: Using OS detected language (fr-FR).
[2020.03.17-19.30.50:055][  0]LogInit: Using OS detected locale (fr-FR).
[2020.03.17-19.30.50:055][  0]LogTextLocalizationManager: No specific localization for 'fr-FR' exists, so the 'fr' localization will be used.
[2020.03.17-19.30.50:056][  0]LogTextLocalizationResource: LocRes '../../../Engine/Content/Localization/Editor/fr/Editor.locres' could not be opened for reading!
[2020.03.17-19.30.50:056][  0]LogTextLocalizationResource: LocRes '../../../Engine/Content/Localization/EditorTutorials/fr/EditorTutorials.locres' could not be opened for reading!
[2020.03.17-19.30.50:056][  0]LogTextLocalizationResource: LocRes '../../../Engine/Content/Localization/Keywords/fr/Keywords.locres' could not be opened for reading!
[2020.03.17-19.30.50:056][  0]LogTextLocalizationResource: LocRes '../../../Engine/Content/Localization/Category/fr/Category.locres' could not be opened for reading!
[2020.03.17-19.30.50:056][  0]LogTextLocalizationResource: LocRes '../../../Engine/Content/Localization/ToolTips/fr/ToolTips.locres' could not be opened for reading!
[2020.03.17-19.30.50:056][  0]LogTextLocalizationResource: LocRes '../../../Engine/Content/Localization/PropertyNames/fr/PropertyNames.locres' could not be opened for reading!
[2020.03.17-19.30.50:056][  0]LogTextLocalizationResource: LocRes '../../../Engine/Content/Localization/Engine/fr/Engine.locres' could not be opened for reading!
[2020.03.17-19.30.50:057][  0]LogInit: Setting process to per monitor DPI aware
[2020.03.17-19.30.50:083][  0]LogSlate: New Slate User Created.  User Index 0, Is Virtual User: 0
[2020.03.17-19.30.50:083][  0]LogSlate: Slate User Registered.  User Index 0, Is Virtual User: 0
[2020.03.17-19.30.50:264][  0]LogHMD: Failed to initialize OpenVR with code 110
[2020.03.17-19.30.50:264][  0]LogD3D11RHI: D3D11 adapters:
[2020.03.17-19.30.50:333][  0]LogD3D11RHI:    0. 'NVIDIA GeForce GT 740M' (Feature Level 11_0)
[2020.03.17-19.30.50:333][  0]LogD3D11RHI:       2009/0/4064 MB DedicatedVideo/DedicatedSystem/SharedSystem, Outputs:1, VendorId:0x10de
[2020.03.17-19.30.50:340][  0]LogD3D11RHI:    1. 'Intel(R) HD Graphics 4600' (Feature Level 11_0)
[2020.03.17-19.30.50:340][  0]LogD3D11RHI:       112/0/2048 MB DedicatedVideo/DedicatedSystem/SharedSystem, Outputs:0, VendorId:0x8086
[2020.03.17-19.30.50:343][  0]LogD3D11RHI:    2. 'Microsoft Basic Render Driver' (Feature Level 11_0)
[2020.03.17-19.30.50:343][  0]LogD3D11RHI:       0/0/4064 MB DedicatedVideo/DedicatedSystem/SharedSystem, Outputs:0, VendorId:0x1414
[2020.03.17-19.30.50:343][  0]LogD3D11RHI: Chosen D3D11 Adapter: 0
[2020.03.17-19.30.50:366][  0]LogD3D11RHI: Creating new Direct3DDevice
[2020.03.17-19.30.50:366][  0]LogD3D11RHI:     GPU DeviceId: 0x1292 (for the marketing name, search the web for "GPU Device Id")
[2020.03.17-19.30.50:366][  0]LogWindows: EnumDisplayDevices:
[2020.03.17-19.30.50:367][  0]LogWindows:    0. 'Intel(R) HD Graphics 4600' (P:1 D:1)
[2020.03.17-19.30.50:367][  0]LogWindows:    1. 'Intel(R) HD Graphics 4600' (P:0 D:0)
[2020.03.17-19.30.50:368][  0]LogWindows:    2. 'Intel(R) HD Graphics 4600' (P:0 D:0)
[2020.03.17-19.30.50:368][  0]LogWindows: DebugString: PrimaryIsNotTheChoosenAdapter PrimaryIsNotTheChoosenAdapter PrimaryIsNotTheChoosenAdapter FoundDriverCount:0 
[2020.03.17-19.30.50:368][  0]LogD3D11RHI:     Adapter Name: NVIDIA GeForce GT 740M
[2020.03.17-19.30.50:368][  0]LogD3D11RHI:   Driver Version: Unknown (internal:Unknown, unified:Unknown)
[2020.03.17-19.30.50:368][  0]LogD3D11RHI:      Driver Date: Unknown
[2020.03.17-19.30.50:368][  0]LogRHI: Texture pool is 1406 MB (70% of 2009 MB)
[2020.03.17-19.30.50:412][  0]LogD3D11RHI: Async texture creation enabled
[2020.03.17-19.30.50:419][  0]LogRendererCore: FGlobalReadBuffer::InitRHI
[2020.03.17-19.30.50:419][  0]LogRendererCore: FGlobalReadBuffer::InitRHI
[2020.03.17-19.30.50:419][  0]LogRendererCore: FGlobalReadBuffer::InitRHI
[2020.03.17-19.30.50:428][  0]LogD3D11RHI: GPU Timing Frequency: 1000.000000 (Debug: 2 1)
[2020.03.17-19.30.52:095][  0]LogTemp: Display: Module 'AllDesktopTargetPlatform' loaded TargetPlatform 'AllDesktop'
[2020.03.17-19.30.52:110][  0]LogTemp: Display: Module 'MacClientTargetPlatform' loaded TargetPlatform 'MacClient'
[2020.03.17-19.30.52:125][  0]LogTemp: Display: Module 'MacNoEditorTargetPlatform' loaded TargetPlatform 'MacNoEditor'
[2020.03.17-19.30.52:141][  0]LogTemp: Display: Module 'MacServerTargetPlatform' loaded TargetPlatform 'MacServer'
[2020.03.17-19.30.52:156][  0]LogTemp: Display: Module 'MacTargetPlatform' loaded TargetPlatform 'Mac'
[2020.03.17-19.30.52:171][  0]LogTemp: Display: Module 'WindowsClientTargetPlatform' loaded TargetPlatform 'WindowsClient'
[2020.03.17-19.30.52:186][  0]LogTemp: Display: Module 'WindowsNoEditorTargetPlatform' loaded TargetPlatform 'WindowsNoEditor'
[2020.03.17-19.30.52:201][  0]LogTemp: Display: Module 'WindowsServerTargetPlatform' loaded TargetPlatform 'WindowsServer'
[2020.03.17-19.30.52:208][  0]LogTemp: Display: Module 'WindowsTargetPlatform' loaded TargetPlatform 'Windows'
[2020.03.17-19.30.52:297][  0]LogTemp: Display: Module 'AndroidTargetPlatform' loaded TargetPlatform 'Android'
[2020.03.17-19.30.52:297][  0]LogTemp: Display: Module 'AndroidTargetPlatform' loaded TargetPlatform 'Android_ASTC'
[2020.03.17-19.30.52:297][  0]LogTemp: Display: Module 'AndroidTargetPlatform' loaded TargetPlatform 'Android_ATC'
[2020.03.17-19.30.52:297][  0]LogTemp: Display: Module 'AndroidTargetPlatform' loaded TargetPlatform 'Android_DXT'
[2020.03.17-19.30.52:297][  0]LogTemp: Display: Module 'AndroidTargetPlatform' loaded TargetPlatform 'Android_ETC1'
[2020.03.17-19.30.52:297][  0]LogTemp: Display: Module 'AndroidTargetPlatform' loaded TargetPlatform 'Android_ETC1a'
[2020.03.17-19.30.52:297][  0]LogTemp: Display: Module 'AndroidTargetPlatform' loaded TargetPlatform 'Android_ETC2'
[2020.03.17-19.30.52:297][  0]LogTemp: Display: Module 'AndroidTargetPlatform' loaded TargetPlatform 'Android_PVRTC'
[2020.03.17-19.30.52:297][  0]LogTemp: Display: Module 'AndroidTargetPlatform' loaded TargetPlatform 'AndroidClient'
[2020.03.17-19.30.52:297][  0]LogTemp: Display: Module 'AndroidTargetPlatform' loaded TargetPlatform 'Android_ASTCClient'
[2020.03.17-19.30.52:297][  0]LogTemp: Display: Module 'AndroidTargetPlatform' loaded TargetPlatform 'Android_ATCClient'
[2020.03.17-19.30.52:297][  0]LogTemp: Display: Module 'AndroidTargetPlatform' loaded TargetPlatform 'Android_DXTClient'
[2020.03.17-19.30.52:297][  0]LogTemp: Display: Module 'AndroidTargetPlatform' loaded TargetPlatform 'Android_ETC1Client'
[2020.03.17-19.30.52:297][  0]LogTemp: Display: Module 'AndroidTargetPlatform' loaded TargetPlatform 'Android_ETC1aClient'
[2020.03.17-19.30.52:297][  0]LogTemp: Display: Module 'AndroidTargetPlatform' loaded TargetPlatform 'Android_ETC2Client'
[2020.03.17-19.30.52:297][  0]LogTemp: Display: Module 'AndroidTargetPlatform' loaded TargetPlatform 'Android_PVRTCClient'
[2020.03.17-19.30.52:297][  0]LogTemp: Display: Module 'AndroidTargetPlatform' loaded TargetPlatform 'Android_Multi'
[2020.03.17-19.30.52:297][  0]LogTemp: Display: Module 'AndroidTargetPlatform' loaded TargetPlatform 'Android_MultiClient'
[2020.03.17-19.30.52:298][  0]LogTemp: Display: Module 'HTML5TargetPlatform' loaded TargetPlatform 'HTML5'
[2020.03.17-19.30.52:350][  0]LogTemp: Display: Module 'IOSTargetPlatform' loaded TargetPlatform 'IOSClient'
[2020.03.17-19.30.52:350][  0]LogTemp: Display: Module 'IOSTargetPlatform' loaded TargetPlatform 'IOS'
[2020.03.17-19.30.52:376][  0]LogTemp: Display: Module 'TVOSTargetPlatform' loaded TargetPlatform 'TVOSClient'
[2020.03.17-19.30.52:376][  0]LogTemp: Display: Module 'TVOSTargetPlatform' loaded TargetPlatform 'TVOS'
[2020.03.17-19.30.52:389][  0]LogTemp: Display: Module 'LinuxClientTargetPlatform' loaded TargetPlatform 'LinuxClient'
[2020.03.17-19.30.52:403][  0]LogTemp: Display: Module 'LinuxNoEditorTargetPlatform' loaded TargetPlatform 'LinuxNoEditor'
[2020.03.17-19.30.52:416][  0]LogTemp: Display: Module 'LinuxServerTargetPlatform' loaded TargetPlatform 'LinuxServer'
[2020.03.17-19.30.52:430][  0]LogTemp: Display: Module 'LinuxTargetPlatform' loaded TargetPlatform 'Linux'
[2020.03.17-19.30.52:478][  0]LogTemp: Display: Module 'LuminTargetPlatform' loaded TargetPlatform 'Lumin'
[2020.03.17-19.30.52:478][  0]LogTemp: Display: Module 'LuminTargetPlatform' loaded TargetPlatform 'LuminClient'
[2020.03.17-19.30.52:479][  0]LogTargetPlatformManager: Display: Building Assets For Windows
[2020.03.17-19.30.52:486][  0]LogAudioDebug: Display: Lib vorbis DLL was dynamically loaded.
[2020.03.17-19.30.52:531][  0]LogShaderCompilers: Guid format shader working directory is -15 characters bigger than the processId version (D:/MyProjects/ProjectBlueUE422/ProjectBlue - Copie/ProjectBlue/Intermediate/Shaders/WorkingDirectory/1880/).
[2020.03.17-19.30.52:531][  0]LogShaderCompilers: Cleaned the shader compiler working directory 'C:/Users/neoiha/AppData/Local/Temp/UnrealShaderWorkingDir/91C4582648DC3063AEDD36B4DD67E31B/'.
[2020.03.17-19.30.52:534][  0]LogXGEController: Cannot use XGE Controller as Incredibuild is not installed on this machine.
[2020.03.17-19.30.52:534][  0]LogShaderCompilers: Cannot use XGE Shader Compiler as Incredibuild is not installed on this machine.
[2020.03.17-19.30.52:534][  0]LogShaderCompilers: Display: Using Local Shader Compiler.
[2020.03.17-19.30.53:150][  0]LogDerivedDataCache: Display: Max Cache Size: 512 MB
[2020.03.17-19.30.53:217][  0]LogDerivedDataCache: Loaded boot cache 0.07s 71MB C:/Users/neoiha/AppData/Local/UnrealEngine/4.22/DerivedDataCache/Boot.ddc.
[2020.03.17-19.30.53:217][  0]LogDerivedDataCache: Display: Loaded Boot cache: C:/Users/neoiha/AppData/Local/UnrealEngine/4.22/DerivedDataCache/Boot.ddc
[2020.03.17-19.30.53:217][  0]LogDerivedDataCache: FDerivedDataBackendGraph:  Pak pak cache file D:/MyProjects/ProjectBlueUE422/ProjectBlue - Copie/ProjectBlue/DerivedDataCache/DDC.ddp not found, will not use a pak cache.
[2020.03.17-19.30.53:217][  0]LogDerivedDataCache: Unable to find inner node Pak for hierarchical cache Hierarchy.
[2020.03.17-19.30.53:217][  0]LogDerivedDataCache: FDerivedDataBackendGraph:  CompressedPak pak cache file D:/MyProjects/ProjectBlueUE422/ProjectBlue - Copie/ProjectBlue/DerivedDataCache/Compressed.ddp not found, will not use a pak cache.
[2020.03.17-19.30.53:217][  0]LogDerivedDataCache: Unable to find inner node CompressedPak for hierarchical cache Hierarchy.
[2020.03.17-19.30.53:231][  0]LogDerivedDataCache: Display: Pak cache opened for reading ../../../Engine/DerivedDataCache/Compressed.ddp.
[2020.03.17-19.30.53:231][  0]LogDerivedDataCache: FDerivedDataBackendGraph:  EnterprisePak pak cache file ../../../Enterprise/DerivedDataCache/Compressed.ddp not found, will not use a pak cache.
[2020.03.17-19.30.53:231][  0]LogDerivedDataCache: Unable to find inner node EnterprisePak for hierarchical cache Hierarchy.
[2020.03.17-19.30.53:408][  0]LogDerivedDataCache: Using Local data cache path C:/Users/neoiha/AppData/Local/UnrealEngine/Common/DerivedDataCache: Writable
[2020.03.17-19.30.53:408][  0]LogDerivedDataCache: Shared data cache path not found in *engine.ini, will not use an Shared cache.
[2020.03.17-19.30.53:408][  0]LogDerivedDataCache: Unable to find inner node Shared for hierarchical cache Hierarchy.
[2020.03.17-19.30.53:443][  0]LogMaterial: Verifying Global Shaders for PCD3D_SM5
[2020.03.17-19.30.53:444][  0]LogSlate: Using FreeType 2.6.0
[2020.03.17-19.30.53:445][  0]LogSlate: SlateFontServices - WITH_FREETYPE: 1, WITH_HARFBUZZ: 1
[2020.03.17-19.30.53:538][  0]LogAssetRegistry: FAssetRegistry took 0.0357 seconds to start up
[2020.03.17-19.30.53:909][  0]LogInit: Selected Device Profile: [Windows]
[2020.03.17-19.30.54:054][  0]LogMeshReduction: Using QuadricMeshReduction for automatic static mesh reduction
[2020.03.17-19.30.54:054][  0]LogMeshReduction: Using SimplygonMeshReduction for automatic skeletal mesh reduction
[2020.03.17-19.30.54:054][  0]LogMeshReduction: Using ProxyLODMeshReduction for automatic mesh merging
[2020.03.17-19.30.54:054][  0]LogMeshReduction: No distributed automatic mesh merging module available
[2020.03.17-19.30.54:054][  0]LogMeshMerging: No distributed automatic mesh merging module available
[2020.03.17-19.30.54:067][  0]LogNetVersion: ProjectBlue 1.0.0, NetCL: 5660361, EngineNetVer: 10, GameNetVer: 0 (Checksum: 348101587)
[2020.03.17-19.30.54:836][  0]LogPackageLocalizationCache: Processed 10 localized package path(s) for 1 prioritized culture(s) in 0.126210 seconds
[2020.03.17-19.30.54:844][  0]LogUObjectArray: 42205 objects as part of root set at end of initial load.
[2020.03.17-19.30.54:844][  0]LogUObjectAllocator: 7325032 out of 0 bytes used by permanent object pool.
[2020.03.17-19.30.54:844][  0]LogUObjectArray: CloseDisregardForGC: 0/0 objects in disregard for GC pool
[2020.03.17-19.30.55:830][  0]LogTcpMessaging: Initializing TcpMessaging bridge
[2020.03.17-19.30.55:843][  0]LogUdpMessaging: Initializing bridge on interface 0.0.0.0:0 to multicast group 230.0.0.1:6666.
[2020.03.17-19.30.55:950][  0]SourceControl: Source control is disabled
[2020.03.17-19.30.55:950][  0]SourceControl: Source control is disabled
[2020.03.17-19.30.55:951][  0]SourceControl: Source control is disabled
[2020.03.17-19.30.55:952][  0]SourceControl: Source control is disabled
[2020.03.17-19.30.56:022][  0]LogAndroidPermission: UAndroidPermissionCallbackProxy::GetInstance
[2020.03.17-19.30.56:116][  0]LogOcInput: OculusInput pre-init called
[2020.03.17-19.30.56:794][  0]LogEngine: Initializing Engine...
[2020.03.17-19.30.56:795][  0]LogHMD: Failed to initialize OpenVR with code 110
[2020.03.17-19.30.56:796][  0]LogStats: UGameplayTagsManager::InitializeManager -  0.000 s
[2020.03.17-19.30.57:034][  0]LogInit: Initializing FReadOnlyCVARCache
[2020.03.17-19.30.57:053][  0]LogAIModule: Creating AISystem for world Untitled
[2020.03.17-19.30.57:084][  0]LogInit: XAudio2 using 'Headset Earphone (Jabra UC VOICE 550a MS)' : 2 channels at 48 kHz using 16 bits per sample (channel mask 0x3)
[2020.03.17-19.30.57:101][  0]LogInit: FAudioDevice initialized.
[2020.03.17-19.30.57:101][  0]LogNetVersion: Set ProjectVersion to 1.0.0.0. Version Checksum will be recalculated on next use.
[2020.03.17-19.30.59:940][  0]LogDerivedDataCache: Saved boot cache 2.84s 71MB C:/Users/neoiha/AppData/Local/UnrealEngine/4.22/DerivedDataCache/Boot.ddc.
[2020.03.17-19.30.59:946][  0]LogInit: Texture streaming: Enabled
[2020.03.17-19.30.59:965][  0]LogEngineSessionManager: EngineSessionManager initialized
[2020.03.17-19.31.00:148][  0]LogInit: Transaction tracking system initialized
[2020.03.17-19.31.00:172][  0]BlueprintLog: New page: Editor Load
[2020.03.17-19.31.00:259][  0]LocalizationService: Localization service is disabled
[2020.03.17-19.31.00:913][  0]LogCook: Display: Max memory allowance for cook 16384mb min free memory 0mb
[2020.03.17-19.31.00:913][  0]LogCook: Display: Mobile HDR setting 1
[2020.03.17-19.31.01:129][  0]LogFileCache: Scanning file cache for directory 'D:/MyProjects/ProjectBlueUE422/ProjectBlue - Copie/ProjectBlue/Content/' took 0.11s
[2020.03.17-19.31.01:129][  0]SourceControl: Source control is disabled
[2020.03.17-19.31.01:129][  0]Cmd: MAP LOAD FILE="D:/MyProjects/ProjectBlueUE422/ProjectBlue - Copie/ProjectBlue/Content/TopDownBP/Maps/TopDownExampleMap.umap" TEMPLATE=0 SHOWPROGRESS=1 FEATURELEVEL=3
[2020.03.17-19.31.01:129][  0]LightingResults: New page: Lighting Build
[2020.03.17-19.31.01:132][  0]MapCheck: New page: Map Check
[2020.03.17-19.31.01:132][  0]LightingResults: New page: Lighting Build
[2020.03.17-19.31.01:225][  0]LogUObjectHash: Compacting FUObjectHashTables data took   1.99ms
[2020.03.17-19.31.21:822][  0]LogAIModule: Creating AISystem for world TopDownExampleMap
[2020.03.17-19.31.25:165][  0]LogEditorServer: Finished looking for orphan Actors (0.000 secs)
[2020.03.17-19.31.25:197][  0]LogUObjectHash: Compacting FUObjectHashTables data took   2.52ms
[2020.03.17-19.31.25:197][  0]Cmd: MAP CHECKDEP NOCLEARLOG
[2020.03.17-19.31.25:197][  0]MapCheck: Map check complete: 0 Error(s), 0 Warning(s), took 0,099ms to complete.
[2020.03.17-19.31.25:197][  0]LogFileHelpers: Loading map 'TopDownExampleMap' took 24.067
[2020.03.17-19.31.28:877][  0]LogSlate: Updating window title bar state: overlay mode, drag disabled, window buttons hidden, title bar hidden
[2020.03.17-19.31.28:932][  0]LogSlate: Updating window title bar state: overlay mode, drag disabled, window buttons hidden, title bar hidden
[2020.03.17-19.31.28:940][  0]LogSlate: Updating window title bar state: overlay mode, drag disabled, window buttons hidden, title bar hidden
[2020.03.17-19.31.28:948][  0]LogSlate: Updating window title bar state: overlay mode, drag disabled, window buttons hidden, title bar hidden
[2020.03.17-19.31.29:179][  0]LogCollectionManager: Loaded 0 collections in 0.018673 seconds
[2020.03.17-19.31.29:578][  0]LogFileCache: Scanning file cache for directory 'D:/MyProjects/ProjectBlueUE422/ProjectBlue - Copie/ProjectBlue/Saved/Collections/' took 0.01s
[2020.03.17-19.31.29:578][  0]LogFileCache: Scanning file cache for directory 'D:/MyProjects/ProjectBlueUE422/ProjectBlue - Copie/ProjectBlue/Content/Developers/neoiha/Collections/' took 0.01s
[2020.03.17-19.31.29:578][  0]LogFileCache: Scanning file cache for directory 'D:/MyProjects/ProjectBlueUE422/ProjectBlue - Copie/ProjectBlue/Content/Collections/' took 0.01s
[2020.03.17-19.31.29:578][  0]LogCollectionManager: Rebuilt the GUID cache for 0 collections in 0.000000 seconds
[2020.03.17-19.31.29:596][  0]LogContentBrowser: Native class hierarchy populated in 0.0101 seconds. Added 2732 classes and 659 folders.
[2020.03.17-19.31.29:948][  0]LogContentBrowser: Native class hierarchy updated for 'WidgetCarousel' in 0.0003 seconds. Added 0 classes and 0 folders.
[2020.03.17-19.31.30:479][  0]LogPakFile: Registered encryption key '00000000000000000000000000000000': 0 pak files mounted, 0 remain pending
[2020.03.17-19.31.30:768][  0]LogPakFile: Registered encryption key '00000000000000000000000000000000': 0 pak files mounted, 0 remain pending
[2020.03.17-19.31.30:846][  0]LogPakFile: Registered encryption key '00000000000000000000000000000000': 0 pak files mounted, 0 remain pending
[2020.03.17-19.31.30:995][  0]LogPakFile: Registered encryption key '00000000000000000000000000000000': 0 pak files mounted, 0 remain pending
[2020.03.17-19.31.31:150][  0]LogPakFile: Registered encryption key '00000000000000000000000000000000': 0 pak files mounted, 0 remain pending
[2020.03.17-19.31.31:514][  0]LogPakFile: Registered encryption key '00000000000000000000000000000000': 0 pak files mounted, 0 remain pending
[2020.03.17-19.31.31:666][  0]LogPakFile: Registered encryption key '00000000000000000000000000000000': 0 pak files mounted, 0 remain pending
[2020.03.17-19.31.31:811][  0]LogPakFile: Registered encryption key '00000000000000000000000000000000': 0 pak files mounted, 0 remain pending
[2020.03.17-19.31.31:914][  0]LogPakFile: Registered encryption key '00000000000000000000000000000000': 0 pak files mounted, 0 remain pending
[2020.03.17-19.31.32:050][  0]LogPakFile: Registered encryption key '00000000000000000000000000000000': 0 pak files mounted, 0 remain pending
[2020.03.17-19.31.32:116][  0]LogPakFile: Registered encryption key '00000000000000000000000000000000': 0 pak files mounted, 0 remain pending
[2020.03.17-19.31.32:121][  0]LogPakFile: Registered encryption key '00000000000000000000000000000000': 0 pak files mounted, 0 remain pending
[2020.03.17-19.31.32:297][  0]LogPakFile: Registered encryption key '00000000000000000000000000000000': 0 pak files mounted, 0 remain pending
[2020.03.17-19.31.32:346][  0]LogPakFile: Registered encryption key '00000000000000000000000000000000': 0 pak files mounted, 0 remain pending
[2020.03.17-19.31.32:435][  0]LogPakFile: Registered encryption key '00000000000000000000000000000000': 0 pak files mounted, 0 remain pending
[2020.03.17-19.31.32:510][  0]LogPakFile: Registered encryption key '00000000000000000000000000000000': 0 pak files mounted, 0 remain pending
[2020.03.17-19.31.32:574][  0]LogPakFile: Registered encryption key '00000000000000000000000000000000': 0 pak files mounted, 0 remain pending
[2020.03.17-19.31.32:762][  0]LogPakFile: Registered encryption key '00000000000000000000000000000000': 0 pak files mounted, 0 remain pending
[2020.03.17-19.31.32:981][  0]LogPakFile: Registered encryption key '00000000000000000000000000000000': 0 pak files mounted, 0 remain pending
[2020.03.17-19.31.33:100][  0]LogPakFile: Registered encryption key '00000000000000000000000000000000': 0 pak files mounted, 0 remain pending
[2020.03.17-19.31.33:186][  0]LogPakFile: Registered encryption key '00000000000000000000000000000000': 0 pak files mounted, 0 remain pending
[2020.03.17-19.31.33:365][  0]LogPakFile: Registered encryption key '00000000000000000000000000000000': 0 pak files mounted, 0 remain pending
[2020.03.17-19.31.33:456][  0]LogPakFile: Registered encryption key '00000000000000000000000000000000': 0 pak files mounted, 0 remain pending
[2020.03.17-19.31.33:604][  0]LogPakFile: Registered encryption key '00000000000000000000000000000000': 0 pak files mounted, 0 remain pending
[2020.03.17-19.31.33:614][  0]LogPakFile: Registered encryption key '00000000000000000000000000000000': 0 pak files mounted, 0 remain pending
[2020.03.17-19.31.33:718][  0]LogPakFile: Registered encryption key '00000000000000000000000000000000': 0 pak files mounted, 0 remain pending
[2020.03.17-19.31.48:858][  0]LogContentBrowser: Native class hierarchy updated for 'AddContentDialog' in 0.0003 seconds. Added 0 classes and 0 folders.
[2020.03.17-19.31.49:502][  0]LogContentBrowser: Native class hierarchy updated for 'SceneOutliner' in 0.0004 seconds. Added 1 classes and 2 folders.
[2020.03.17-19.31.57:327][  0]LogSlate: Took 0.000249 seconds to synchronously load lazily loaded font '../../../Engine/Content/Slate/Fonts/Roboto-Regular.ttf' (155K)
[2020.03.17-19.31.57:398][  0]LogSlate: Took 0.000268 seconds to synchronously load lazily loaded font '../../../Engine/Content/Slate/Fonts/Roboto-Bold.ttf' (160K)
[2020.03.17-19.31.57:744][  0]LogSlate: Took 0.073097 seconds to synchronously load lazily loaded font '../../../Engine/Content/Editor/Slate/Fonts/FontAwesome.ttf' (139K)
[2020.03.17-19.32.00:350][  0]LogRenderer: Reallocating scene render targets to support 1004x456 Format 10 NumSamples 1 (Frame:1).
[2020.03.17-19.32.04:830][  0]LogContentBrowser: Native class hierarchy updated for 'HierarchicalLODOutliner' in 0.0003 seconds. Added 0 classes and 0 folders.
[2020.03.17-19.32.04:830][  0]LogLoad: (Engine Initialization) Total time: 77.55 seconds
[2020.03.17-19.32.04:830][  0]LogLoad: (Engine Initialization) Total Blueprint compile time: 0.00 seconds
[2020.03.17-19.32.05:531][  0]LogAssetRegistry: Asset discovery search completed in 72.0160 seconds
[2020.03.17-19.32.05:533][  0]LogCollectionManager: Rebuilt the object cache for 0 collections in 0.000000 seconds (found 0 objects)
[2020.03.17-19.32.05:533][  0]LogCollectionManager: Fixed up redirectors for 0 collections in 0.000079 seconds (updated 0 objects)
[2020.03.17-19.32.05:931][  0]LogContentStreaming: Texture pool size now 1000 MB
[2020.03.17-19.32.07:280][  0]LogSlate: Took 0.250278 seconds to synchronously load lazily loaded font '../../../Engine/Content/Slate/Fonts/Roboto-Light.ttf' (167K)
[2020.03.17-19.32.14:486][244]LogSlate: FSceneViewport::OnFocusLost() reason 0
[2020.03.17-19.32.14:487][244]LogTemp: Repeating last play command: Selected Viewport
[2020.03.17-19.32.15:184][244]LogBlueprintUserMessages: Early PlayInEditor Detection: Level '/Game/TopDownBP/Maps/TopDownExampleMap.TopDownExampleMap:PersistentLevel' has LevelScriptBlueprint '/Game/TopDownBP/Maps/TopDownExampleMap.TopDownExampleMap:PersistentLevel.TopDownExampleMap' with GeneratedClass '/Game/TopDownBP/Maps/TopDownExampleMap.TopDownExampleMap_C' with ClassGeneratedBy '/Game/TopDownBP/Maps/TopDownExampleMap.TopDownExampleMap:PersistentLevel.TopDownExampleMap'
[2020.03.17-19.32.15:234][244]LogPlayLevel: PlayLevel: No blueprints needed recompiling
[2020.03.17-19.32.15:401][244]PIE: New page: PIE session: TopDownExampleMap (17 mars 2020 20:32:15)
[2020.03.17-19.32.15:613][244]LogPlayLevel: Creating play world package: /Game/TopDownBP/Maps/UEDPIE_0_TopDownExampleMap
[2020.03.17-19.32.15:684][244]LogPlayLevel: PIE: StaticDuplicateObject took: (0.071076s)
[2020.03.17-19.32.15:696][244]LogAIModule: Creating AISystem for world TopDownExampleMap
[2020.03.17-19.32.15:696][244]LogPlayLevel: PIE: World Init took: (0.001233s)
[2020.03.17-19.32.15:696][244]LogPlayLevel: PIE: Created PIE world by copying editor world from /Game/TopDownBP/Maps/TopDownExampleMap.TopDownExampleMap to /Game/TopDownBP/Maps/UEDPIE_0_TopDownExampleMap.TopDownExampleMap (0.083031s)
[2020.03.17-19.32.15:722][244]LogUObjectHash: Compacting FUObjectHashTables data took   1.48ms
[2020.03.17-19.32.15:789][244]LogInit: XAudio2 using 'Headset Earphone (Jabra UC VOICE 550a MS)' : 2 channels at 48 kHz using 16 bits per sample (channel mask 0x3)
[2020.03.17-19.32.15:801][244]LogInit: FAudioDevice initialized.
[2020.03.17-19.32.16:046][244]LogLoad: Game class is 'TopDownGameMode_C'
[2020.03.17-19.32.16:430][244]LogWorld: Bringing World /Game/TopDownBP/Maps/UEDPIE_0_TopDownExampleMap.TopDownExampleMap up for play (max tick rate 0) at 2020.03.17-20.32.16
[2020.03.17-19.32.16:682][244]LogWorld: Bringing up level for play took: 0.254522
[2020.03.17-19.32.17:856][244]LogContentBrowser: Native class hierarchy updated for 'MovieSceneCapture' in 0.0004 seconds. Added 20 classes and 0 folders.
[2020.03.17-19.32.18:737][244]PIE: Play in editor start time for /Game/TopDownBP/Maps/UEDPIE_0_TopDownExampleMap 4,082
[2020.03.17-19.32.18:737][244]LogBlueprintUserMessages: Late PlayInEditor Detection: Level '/Game/TopDownBP/Maps/TopDownExampleMap.TopDownExampleMap:PersistentLevel' has LevelScriptBlueprint '/Game/TopDownBP/Maps/TopDownExampleMap.TopDownExampleMap:PersistentLevel.TopDownExampleMap' with GeneratedClass '/Game/TopDownBP/Maps/TopDownExampleMap.TopDownExampleMap_C' with ClassGeneratedBy '/Game/TopDownBP/Maps/TopDownExampleMap.TopDownExampleMap:PersistentLevel.TopDownExampleMap'
[2020.03.17-19.32.45:606][539]LogBlueprintUserMessages: Early EndPlayMap Detection: Level '/Game/TopDownBP/Maps/TopDownExampleMap.TopDownExampleMap:PersistentLevel' has LevelScriptBlueprint '/Game/TopDownBP/Maps/TopDownExampleMap.TopDownExampleMap:PersistentLevel.TopDownExampleMap' with GeneratedClass '/Game/TopDownBP/Maps/TopDownExampleMap.TopDownExampleMap_C' with ClassGeneratedBy '/Game/TopDownBP/Maps/TopDownExampleMap.TopDownExampleMap:PersistentLevel.TopDownExampleMap'
[2020.03.17-19.32.45:625][539]LogSlate: Updating window title bar state: overlay mode, drag disabled, window buttons hidden, title bar hidden
[2020.03.17-19.32.45:855][539]LogPlayLevel: Display: Shutting down PIE online subsystems
[2020.03.17-19.32.45:928][539]LogBlueprintUserMessages: Late EndPlayMap Detection: Level '/Game/TopDownBP/Maps/TopDownExampleMap.TopDownExampleMap:PersistentLevel' has LevelScriptBlueprint '/Game/TopDownBP/Maps/TopDownExampleMap.TopDownExampleMap:PersistentLevel.TopDownExampleMap' with GeneratedClass '/Game/TopDownBP/Maps/TopDownExampleMap.TopDownExampleMap_C' with ClassGeneratedBy '/Game/TopDownBP/Maps/TopDownExampleMap.TopDownExampleMap:PersistentLevel.TopDownExampleMap'
[2020.03.17-19.32.46:249][539]LogSlate: Updating window title bar state: overlay mode, drag disabled, window buttons hidden, title bar hidden
[2020.03.17-19.32.46:253][539]LogUObjectHash: Compacting FUObjectHashTables data took   1.67ms
[2020.03.17-19.32.46:379][540]LogPlayLevel: Display: Destroying online subsystem :Context_7
[2020.03.17-19.35.18:944][207]LogSlate: FSceneViewport::OnFocusLost() reason 0
[2020.03.17-19.35.19:247][226]LogTemp: Repeating last play command: Selected Viewport
[2020.03.17-19.35.19:260][226]LogBlueprintUserMessages: Early PlayInEditor Detection: Level '/Game/TopDownBP/Maps/TopDownExampleMap.TopDownExampleMap:PersistentLevel' has LevelScriptBlueprint '/Game/TopDownBP/Maps/TopDownExampleMap.TopDownExampleMap:PersistentLevel.TopDownExampleMap' with GeneratedClass '/Game/TopDownBP/Maps/TopDownExampleMap.TopDownExampleMap_C' with ClassGeneratedBy '/Game/TopDownBP/Maps/TopDownExampleMap.TopDownExampleMap:PersistentLevel.TopDownExampleMap'
[2020.03.17-19.35.19:260][226]LogPlayLevel: PlayLevel: No blueprints needed recompiling
[2020.03.17-19.35.19:260][226]PIE: New page: PIE session: TopDownExampleMap (17 mars 2020 20:35:19)
[2020.03.17-19.35.19:260][226]LogPlayLevel: Creating play world package: /Game/TopDownBP/Maps/UEDPIE_0_TopDownExampleMap
[2020.03.17-19.35.19:283][226]LogPlayLevel: PIE: StaticDuplicateObject took: (0.022165s)
[2020.03.17-19.35.19:284][226]LogAIModule: Creating AISystem for world TopDownExampleMap
[2020.03.17-19.35.19:311][226]LogPlayLevel: PIE: World Init took: (0.028367s)
[2020.03.17-19.35.19:311][226]LogPlayLevel: PIE: Created PIE world by copying editor world from /Game/TopDownBP/Maps/TopDownExampleMap.TopDownExampleMap to /Game/TopDownBP/Maps/UEDPIE_0_TopDownExampleMap.TopDownExampleMap (0.051341s)
[2020.03.17-19.35.19:349][226]LogUObjectHash: Compacting FUObjectHashTables data took   1.88ms
[2020.03.17-19.35.19:369][226]LogInit: XAudio2 using 'Headset Earphone (Jabra UC VOICE 550a MS)' : 2 channels at 48 kHz using 16 bits per sample (channel mask 0x3)
[2020.03.17-19.35.19:387][226]LogInit: FAudioDevice initialized.
[2020.03.17-19.35.19:446][226]LogLoad: Game class is 'TopDownGameMode_C'
[2020.03.17-19.35.19:451][226]LogWorld: Bringing World /Game/TopDownBP/Maps/UEDPIE_0_TopDownExampleMap.TopDownExampleMap up for play (max tick rate 0) at 2020.03.17-20.35.19
[2020.03.17-19.35.19:452][226]LogWorld: Bringing up level for play took: 0.004174
[2020.03.17-19.35.19:466][226]PIE: Play in editor start time for /Game/TopDownBP/Maps/UEDPIE_0_TopDownExampleMap 0,811
[2020.03.17-19.35.19:466][226]LogBlueprintUserMessages: Late PlayInEditor Detection: Level '/Game/TopDownBP/Maps/TopDownExampleMap.TopDownExampleMap:PersistentLevel' has LevelScriptBlueprint '/Game/TopDownBP/Maps/TopDownExampleMap.TopDownExampleMap:PersistentLevel.TopDownExampleMap' with GeneratedClass '/Game/TopDownBP/Maps/TopDownExampleMap.TopDownExampleMap_C' with ClassGeneratedBy '/Game/TopDownBP/Maps/TopDownExampleMap.TopDownExampleMap:PersistentLevel.TopDownExampleMap'
[2020.03.17-19.35.35:981][353]LogBlueprintUserMessages: Early EndPlayMap Detection: Level '/Game/TopDownBP/Maps/TopDownExampleMap.TopDownExampleMap:PersistentLevel' has LevelScriptBlueprint '/Game/TopDownBP/Maps/TopDownExampleMap.TopDownExampleMap:PersistentLevel.TopDownExampleMap' with GeneratedClass '/Game/TopDownBP/Maps/TopDownExampleMap.TopDownExampleMap_C' with ClassGeneratedBy '/Game/TopDownBP/Maps/TopDownExampleMap.TopDownExampleMap:PersistentLevel.TopDownExampleMap'
[2020.03.17-19.35.35:982][353]LogSlate: Updating window title bar state: overlay mode, drag disabled, window buttons hidden, title bar hidden
[2020.03.17-19.35.36:026][353]LogPlayLevel: Display: Shutting down PIE online subsystems
[2020.03.17-19.35.36:026][353]LogBlueprintUserMessages: Late EndPlayMap Detection: Level '/Game/TopDownBP/Maps/TopDownExampleMap.TopDownExampleMap:PersistentLevel' has LevelScriptBlueprint '/Game/TopDownBP/Maps/TopDownExampleMap.TopDownExampleMap:PersistentLevel.TopDownExampleMap' with GeneratedClass '/Game/TopDownBP/Maps/TopDownExampleMap.TopDownExampleMap_C' with ClassGeneratedBy '/Game/TopDownBP/Maps/TopDownExampleMap.TopDownExampleMap:PersistentLevel.TopDownExampleMap'
[2020.03.17-19.35.36:056][353]LogSlate: Updating window title bar state: overlay mode, drag disabled, window buttons hidden, title bar hidden
[2020.03.17-19.35.36:060][353]LogUObjectHash: Compacting FUObjectHashTables data took   1.89ms
[2020.03.17-19.35.36:089][354]LogPlayLevel: Display: Destroying online subsystem :Context_8
[2020.03.17-19.35.39:667][538]LogSlate: FSceneViewport::OnFocusLost() reason 2
[2020.03.17-19.35.44:385][784]LogUObjectHash: Compacting FUObjectHashTables data took   0.64ms
[2020.03.17-19.35.44:608][785]LogSlate: FSceneViewport::OnFocusLost() reason 0
[2020.03.17-19.35.44:782][789]LogTemp: Repeating last play command: Standalone Game
[2020.03.17-19.35.44:818][789]LogUObjectHash: Compacting FUObjectHashTables data took   0.66ms
[2020.03.17-19.36.28:045][123]LogSlate: FSceneViewport::OnFocusLost() reason 2
[2020.03.17-19.36.29:594][215]LogBlueprintUserMessages: Early PlayInEditor Detection: Level '/Game/TopDownBP/Maps/TopDownExampleMap.TopDownExampleMap:PersistentLevel' has LevelScriptBlueprint '/Game/TopDownBP/Maps/TopDownExampleMap.TopDownExampleMap:PersistentLevel.TopDownExampleMap' with GeneratedClass '/Game/TopDownBP/Maps/TopDownExampleMap.TopDownExampleMap_C' with ClassGeneratedBy '/Game/TopDownBP/Maps/TopDownExampleMap.TopDownExampleMap:PersistentLevel.TopDownExampleMap'
[2020.03.17-19.36.29:595][215]LogPlayLevel: PlayLevel: No blueprints needed recompiling
[2020.03.17-19.36.29:595][215]PIE: New page: PIE session: TopDownExampleMap (17 mars 2020 20:36:29)
[2020.03.17-19.36.29:595][215]LogPlayLevel: Creating play world package: /Game/TopDownBP/Maps/UEDPIE_0_TopDownExampleMap
[2020.03.17-19.36.29:614][215]LogPlayLevel: PIE: StaticDuplicateObject took: (0.018599s)
[2020.03.17-19.36.29:615][215]LogAIModule: Creating AISystem for world TopDownExampleMap
[2020.03.17-19.36.29:615][215]LogPlayLevel: PIE: World Init took: (0.001389s)
[2020.03.17-19.36.29:615][215]LogPlayLevel: PIE: Created PIE world by copying editor world from /Game/TopDownBP/Maps/TopDownExampleMap.TopDownExampleMap to /Game/TopDownBP/Maps/UEDPIE_0_TopDownExampleMap.TopDownExampleMap (0.020290s)
[2020.03.17-19.36.29:646][215]LogUObjectHash: Compacting FUObjectHashTables data took   1.44ms
[2020.03.17-19.36.29:666][215]LogInit: XAudio2 using 'Headset Earphone (Jabra UC VOICE 550a MS)' : 2 channels at 48 kHz using 16 bits per sample (channel mask 0x3)
[2020.03.17-19.36.29:678][215]LogInit: FAudioDevice initialized.
[2020.03.17-19.36.29:678][215]LogSlate: FSceneViewport::OnFocusLost() reason 2
[2020.03.17-19.36.29:709][215]LogLoad: Game class is 'TopDownGameMode_C'
[2020.03.17-19.36.29:711][215]LogWorld: Bringing World /Game/TopDownBP/Maps/UEDPIE_0_TopDownExampleMap.TopDownExampleMap up for play (max tick rate 0) at 2020.03.17-20.36.29
[2020.03.17-19.36.29:712][215]LogWorld: Bringing up level for play took: 0.002292
[2020.03.17-19.36.29:725][215]PIE: Play in editor start time for /Game/TopDownBP/Maps/UEDPIE_0_TopDownExampleMap 1,07
[2020.03.17-19.36.29:726][215]LogBlueprintUserMessages: Late PlayInEditor Detection: Level '/Game/TopDownBP/Maps/TopDownExampleMap.TopDownExampleMap:PersistentLevel' has LevelScriptBlueprint '/Game/TopDownBP/Maps/TopDownExampleMap.TopDownExampleMap:PersistentLevel.TopDownExampleMap' with GeneratedClass '/Game/TopDownBP/Maps/TopDownExampleMap.TopDownExampleMap_C' with ClassGeneratedBy '/Game/TopDownBP/Maps/TopDownExampleMap.TopDownExampleMap:PersistentLevel.TopDownExampleMap'
[2020.03.17-19.36.32:192][387]LogBlueprintUserMessages: Early EndPlayMap Detection: Level '/Game/TopDownBP/Maps/TopDownExampleMap.TopDownExampleMap:PersistentLevel' has LevelScriptBlueprint '/Game/TopDownBP/Maps/TopDownExampleMap.TopDownExampleMap:PersistentLevel.TopDownExampleMap' with GeneratedClass '/Game/TopDownBP/Maps/TopDownExampleMap.TopDownExampleMap_C' with ClassGeneratedBy '/Game/TopDownBP/Maps/TopDownExampleMap.TopDownExampleMap:PersistentLevel.TopDownExampleMap'
[2020.03.17-19.36.32:192][387]LogSlate: Updating window title bar state: overlay mode, drag disabled, window buttons hidden, title bar hidden
[2020.03.17-19.36.32:225][387]LogPlayLevel: Display: Shutting down PIE online subsystems
[2020.03.17-19.36.32:225][387]LogBlueprintUserMessages: Late EndPlayMap Detection: Level '/Game/TopDownBP/Maps/TopDownExampleMap.TopDownExampleMap:PersistentLevel' has LevelScriptBlueprint '/Game/TopDownBP/Maps/TopDownExampleMap.TopDownExampleMap:PersistentLevel.TopDownExampleMap' with GeneratedClass '/Game/TopDownBP/Maps/TopDownExampleMap.TopDownExampleMap_C' with ClassGeneratedBy '/Game/TopDownBP/Maps/TopDownExampleMap.TopDownExampleMap:PersistentLevel.TopDownExampleMap'
[2020.03.17-19.36.32:252][387]LogSlate: Updating window title bar state: overlay mode, drag disabled, window buttons hidden, title bar hidden
[2020.03.17-19.36.32:256][387]LogUObjectHash: Compacting FUObjectHashTables data took   1.32ms
[2020.03.17-19.36.32:306][391]LogPlayLevel: Display: Destroying online subsystem :Context_9
[2020.03.17-19.36.33:736][493]LogTemp: Repeating last play command: Selected Viewport
[2020.03.17-19.36.33:745][493]LogBlueprintUserMessages: Early PlayInEditor Detection: Level '/Game/TopDownBP/Maps/TopDownExampleMap.TopDownExampleMap:PersistentLevel' has LevelScriptBlueprint '/Game/TopDownBP/Maps/TopDownExampleMap.TopDownExampleMap:PersistentLevel.TopDownExampleMap' with GeneratedClass '/Game/TopDownBP/Maps/TopDownExampleMap.TopDownExampleMap_C' with ClassGeneratedBy '/Game/TopDownBP/Maps/TopDownExampleMap.TopDownExampleMap:PersistentLevel.TopDownExampleMap'
[2020.03.17-19.36.33:745][493]LogPlayLevel: PlayLevel: No blueprints needed recompiling
[2020.03.17-19.36.33:745][493]PIE: New page: PIE session: TopDownExampleMap (17 mars 2020 20:36:33)
[2020.03.17-19.36.33:746][493]LogPlayLevel: Creating play world package: /Game/TopDownBP/Maps/UEDPIE_0_TopDownExampleMap
[2020.03.17-19.36.33:759][493]LogPlayLevel: PIE: StaticDuplicateObject took: (0.013352s)
[2020.03.17-19.36.33:760][493]LogAIModule: Creating AISystem for world TopDownExampleMap
[2020.03.17-19.36.33:760][493]LogPlayLevel: PIE: World Init took: (0.000829s)
[2020.03.17-19.36.33:760][493]LogPlayLevel: PIE: Created PIE world by copying editor world from /Game/TopDownBP/Maps/TopDownExampleMap.TopDownExampleMap to /Game/TopDownBP/Maps/UEDPIE_0_TopDownExampleMap.TopDownExampleMap (0.014407s)
[2020.03.17-19.36.33:786][493]LogUObjectHash: Compacting FUObjectHashTables data took   1.27ms
[2020.03.17-19.36.33:802][493]LogInit: XAudio2 using 'Headset Earphone (Jabra UC VOICE 550a MS)' : 2 channels at 48 kHz using 16 bits per sample (channel mask 0x3)
[2020.03.17-19.36.33:813][493]LogInit: FAudioDevice initialized.
[2020.03.17-19.36.33:840][493]LogLoad: Game class is 'TopDownGameMode_C'
[2020.03.17-19.36.33:843][493]LogWorld: Bringing World /Game/TopDownBP/Maps/UEDPIE_0_TopDownExampleMap.TopDownExampleMap up for play (max tick rate 0) at 2020.03.17-20.36.33
[2020.03.17-19.36.33:843][493]LogWorld: Bringing up level for play took: 0.002294
[2020.03.17-19.36.33:856][493]PIE: Play in editor start time for /Game/TopDownBP/Maps/UEDPIE_0_TopDownExampleMap -0,799
[2020.03.17-19.36.33:856][493]LogBlueprintUserMessages: Late PlayInEditor Detection: Level '/Game/TopDownBP/Maps/TopDownExampleMap.TopDownExampleMap:PersistentLevel' has LevelScriptBlueprint '/Game/TopDownBP/Maps/TopDownExampleMap.TopDownExampleMap:PersistentLevel.TopDownExampleMap' with GeneratedClass '/Game/TopDownBP/Maps/TopDownExampleMap.TopDownExampleMap_C' with ClassGeneratedBy '/Game/TopDownBP/Maps/TopDownExampleMap.TopDownExampleMap:PersistentLevel.TopDownExampleMap'
[2020.03.17-19.38.17:636][588]LogBlueprintUserMessages: Early EndPlayMap Detection: Level '/Game/TopDownBP/Maps/TopDownExampleMap.TopDownExampleMap:PersistentLevel' has LevelScriptBlueprint '/Game/TopDownBP/Maps/TopDownExampleMap.TopDownExampleMap:PersistentLevel.TopDownExampleMap' with GeneratedClass '/Game/TopDownBP/Maps/TopDownExampleMap.TopDownExampleMap_C' with ClassGeneratedBy '/Game/TopDownBP/Maps/TopDownExampleMap.TopDownExampleMap:PersistentLevel.TopDownExampleMap'
[2020.03.17-19.38.17:636][588]LogSlate: Updating window title bar state: overlay mode, drag disabled, window buttons hidden, title bar hidden
[2020.03.17-19.38.17:681][588]LogPlayLevel: Display: Shutting down PIE online subsystems
[2020.03.17-19.38.17:681][588]LogBlueprintUserMessages: Late EndPlayMap Detection: Level '/Game/TopDownBP/Maps/TopDownExampleMap.TopDownExampleMap:PersistentLevel' has LevelScriptBlueprint '/Game/TopDownBP/Maps/TopDownExampleMap.TopDownExampleMap:PersistentLevel.TopDownExampleMap' with GeneratedClass '/Game/TopDownBP/Maps/TopDownExampleMap.TopDownExampleMap_C' with ClassGeneratedBy '/Game/TopDownBP/Maps/TopDownExampleMap.TopDownExampleMap:PersistentLevel.TopDownExampleMap'
[2020.03.17-19.38.17:715][588]LogSlate: Updating window title bar state: overlay mode, drag disabled, window buttons hidden, title bar hidden
[2020.03.17-19.38.17:718][588]LogUObjectHash: Compacting FUObjectHashTables data took   1.47ms
[2020.03.17-19.38.17:775][590]LogPlayLevel: Display: Destroying online subsystem :Context_10
[2020.03.17-19.38.19:193][674]LogSlate: FSceneViewport::OnFocusLost() reason 0
[2020.03.17-19.38.19:363][684]LogTemp: Repeating last play command: Selected Viewport
[2020.03.17-19.38.19:372][684]LogBlueprintUserMessages: Early PlayInEditor Detection: Level '/Game/TopDownBP/Maps/TopDownExampleMap.TopDownExampleMap:PersistentLevel' has LevelScriptBlueprint '/Game/TopDownBP/Maps/TopDownExampleMap.TopDownExampleMap:PersistentLevel.TopDownExampleMap' with GeneratedClass '/Game/TopDownBP/Maps/TopDownExampleMap.TopDownExampleMap_C' with ClassGeneratedBy '/Game/TopDownBP/Maps/TopDownExampleMap.TopDownExampleMap:PersistentLevel.TopDownExampleMap'
[2020.03.17-19.38.19:372][684]LogPlayLevel: PlayLevel: No blueprints needed recompiling
[2020.03.17-19.38.19:373][684]PIE: New page: PIE session: TopDownExampleMap (17 mars 2020 20:38:19)
[2020.03.17-19.38.19:373][684]LogPlayLevel: Creating play world package: /Game/TopDownBP/Maps/UEDPIE_0_TopDownExampleMap
[2020.03.17-19.38.19:391][684]LogPlayLevel: PIE: StaticDuplicateObject took: (0.018527s)
[2020.03.17-19.38.19:392][684]LogAIModule: Creating AISystem for world TopDownExampleMap
[2020.03.17-19.38.19:392][684]LogPlayLevel: PIE: World Init took: (0.000906s)
[2020.03.17-19.38.19:392][684]LogPlayLevel: PIE: Created PIE world by copying editor world from /Game/TopDownBP/Maps/TopDownExampleMap.TopDownExampleMap to /Game/TopDownBP/Maps/UEDPIE_0_TopDownExampleMap.TopDownExampleMap (0.019697s)
[2020.03.17-19.38.19:424][684]LogUObjectHash: Compacting FUObjectHashTables data took   1.24ms
[2020.03.17-19.38.19:439][684]LogInit: XAudio2 using 'Headset Earphone (Jabra UC VOICE 550a MS)' : 2 channels at 48 kHz using 16 bits per sample (channel mask 0x3)
[2020.03.17-19.38.19:451][684]LogInit: FAudioDevice initialized.
[2020.03.17-19.38.19:479][684]LogLoad: Game class is 'TopDownGameMode_C'
[2020.03.17-19.38.19:482][684]LogWorld: Bringing World /Game/TopDownBP/Maps/UEDPIE_0_TopDownExampleMap.TopDownExampleMap up for play (max tick rate 0) at 2020.03.17-20.38.19
[2020.03.17-19.38.19:482][684]LogWorld: Bringing up level for play took: 0.002288
[2020.03.17-19.38.19:495][684]PIE: Play in editor start time for /Game/TopDownBP/Maps/UEDPIE_0_TopDownExampleMap 0,841
[2020.03.17-19.38.19:495][684]LogBlueprintUserMessages: Late PlayInEditor Detection: Level '/Game/TopDownBP/Maps/TopDownExampleMap.TopDownExampleMap:PersistentLevel' has LevelScriptBlueprint '/Game/TopDownBP/Maps/TopDownExampleMap.TopDownExampleMap:PersistentLevel.TopDownExampleMap' with GeneratedClass '/Game/TopDownBP/Maps/TopDownExampleMap.TopDownExampleMap_C' with ClassGeneratedBy '/Game/TopDownBP/Maps/TopDownExampleMap.TopDownExampleMap:PersistentLevel.TopDownExampleMap'
[2020.03.17-19.39.19:048][672]LogBlueprintUserMessages: Early EndPlayMap Detection: Level '/Game/TopDownBP/Maps/TopDownExampleMap.TopDownExampleMap:PersistentLevel' has LevelScriptBlueprint '/Game/TopDownBP/Maps/TopDownExampleMap.TopDownExampleMap:PersistentLevel.TopDownExampleMap' with GeneratedClass '/Game/TopDownBP/Maps/TopDownExampleMap.TopDownExampleMap_C' with ClassGeneratedBy '/Game/TopDownBP/Maps/TopDownExampleMap.TopDownExampleMap:PersistentLevel.TopDownExampleMap'
[2020.03.17-19.39.19:049][672]LogSlate: Updating window title bar state: overlay mode, drag disabled, window buttons hidden, title bar hidden
[2020.03.17-19.39.19:094][672]LogPlayLevel: Display: Shutting down PIE online subsystems
[2020.03.17-19.39.19:094][672]LogBlueprintUserMessages: Late EndPlayMap Detection: Level '/Game/TopDownBP/Maps/TopDownExampleMap.TopDownExampleMap:PersistentLevel' has LevelScriptBlueprint '/Game/TopDownBP/Maps/TopDownExampleMap.TopDownExampleMap:PersistentLevel.TopDownExampleMap' with GeneratedClass '/Game/TopDownBP/Maps/TopDownExampleMap.TopDownExampleMap_C' with ClassGeneratedBy '/Game/TopDownBP/Maps/TopDownExampleMap.TopDownExampleMap:PersistentLevel.TopDownExampleMap'
[2020.03.17-19.39.19:126][672]LogSlate: Updating window title bar state: overlay mode, drag disabled, window buttons hidden, title bar hidden
[2020.03.17-19.39.19:129][672]LogUObjectHash: Compacting FUObjectHashTables data took   1.35ms
[2020.03.17-19.39.19:158][673]LogPlayLevel: Display: Destroying online subsystem :Context_11
[2020.03.17-19.39.48:842][962]LogSlate: FSceneViewport::OnFocusLost() reason 0
[2020.03.17-19.39.49:412][962]LogSlate: Took 0.000195 seconds to synchronously load lazily loaded font '../../../Engine/Content/Slate/Fonts/Roboto-Light.ttf' (167K)
[2020.03.17-19.39.49:462][962]LogAssetEditorManager: Opening Asset editor for WidgetBlueprint /Game/TopDownBP/Blueprints/BLUE/TestingHUD.TestingHUD
[2020.03.17-19.39.53:277][962]LogContentBrowser: Native class hierarchy updated for 'BlueprintGraph' in 0.0011 seconds. Added 121 classes and 0 folders.
[2020.03.17-19.39.57:451][962]LogBlueprintActionDatabase: Requesting refresh due to module change: SequencerWidgets (loaded)
[2020.03.17-19.40.08:429][962]LogSlate: Took 0.218378 seconds to synchronously load lazily loaded font '../../../Engine/Content/Slate/Fonts/Roboto-BoldCondensed.ttf' (158K)
[2020.03.17-19.40.24:461][707]LogSlate: Window 'TestingHUD' being destroyed
[2020.03.17-19.40.24:467][707]LogSlate: Window 'TestingHUD' being destroyed
[2020.03.17-19.40.28:537][707]LogSlate: FSceneViewport::OnFocusLost() reason 0
[2020.03.17-19.40.30:999][818]LogTemp: Repeating last play command: Selected Viewport
[2020.03.17-19.40.31:010][818]LogBlueprintUserMessages: Early PlayInEditor Detection: Level '/Game/TopDownBP/Maps/TopDownExampleMap.TopDownExampleMap:PersistentLevel' has LevelScriptBlueprint '/Game/TopDownBP/Maps/TopDownExampleMap.TopDownExampleMap:PersistentLevel.TopDownExampleMap' with GeneratedClass '/Game/TopDownBP/Maps/TopDownExampleMap.TopDownExampleMap_C' with ClassGeneratedBy '/Game/TopDownBP/Maps/TopDownExampleMap.TopDownExampleMap:PersistentLevel.TopDownExampleMap'
[2020.03.17-19.40.31:011][818]LogPlayLevel: PlayLevel: No blueprints needed recompiling
[2020.03.17-19.40.31:011][818]PIE: New page: PIE session: TopDownExampleMap (17 mars 2020 20:40:31)
[2020.03.17-19.40.31:011][818]LogPlayLevel: Creating play world package: /Game/TopDownBP/Maps/UEDPIE_0_TopDownExampleMap
[2020.03.17-19.40.31:029][818]LogPlayLevel: PIE: StaticDuplicateObject took: (0.018336s)
[2020.03.17-19.40.31:030][818]LogAIModule: Creating AISystem for world TopDownExampleMap
[2020.03.17-19.40.31:030][818]LogPlayLevel: PIE: World Init took: (0.000815s)
[2020.03.17-19.40.31:030][818]LogPlayLevel: PIE: Created PIE world by copying editor world from /Game/TopDownBP/Maps/TopDownExampleMap.TopDownExampleMap to /Game/TopDownBP/Maps/UEDPIE_0_TopDownExampleMap.TopDownExampleMap (0.019414s)
[2020.03.17-19.40.31:129][818]LogUObjectHash: Compacting FUObjectHashTables data took   6.68ms
[2020.03.17-19.40.31:144][818]LogInit: XAudio2 using 'Headset Earphone (Jabra UC VOICE 550a MS)' : 2 channels at 48 kHz using 16 bits per sample (channel mask 0x3)
[2020.03.17-19.40.31:157][818]LogInit: FAudioDevice initialized.
[2020.03.17-19.40.31:186][818]LogLoad: Game class is 'TopDownGameMode_C'
[2020.03.17-19.40.31:189][818]LogWorld: Bringing World /Game/TopDownBP/Maps/UEDPIE_0_TopDownExampleMap.TopDownExampleMap up for play (max tick rate 0) at 2020.03.17-20.40.31
[2020.03.17-19.40.31:190][818]LogWorld: Bringing up level for play took: 0.002230
[2020.03.17-19.40.31:203][818]PIE: Play in editor start time for /Game/TopDownBP/Maps/UEDPIE_0_TopDownExampleMap 0,549
[2020.03.17-19.40.31:204][818]LogBlueprintUserMessages: Late PlayInEditor Detection: Level '/Game/TopDownBP/Maps/TopDownExampleMap.TopDownExampleMap:PersistentLevel' has LevelScriptBlueprint '/Game/TopDownBP/Maps/TopDownExampleMap.TopDownExampleMap:PersistentLevel.TopDownExampleMap' with GeneratedClass '/Game/TopDownBP/Maps/TopDownExampleMap.TopDownExampleMap_C' with ClassGeneratedBy '/Game/TopDownBP/Maps/TopDownExampleMap.TopDownExampleMap:PersistentLevel.TopDownExampleMap'
[2020.03.17-19.40.46:217][803]Cmd: LevelEditor.ToggleImmersive
[2020.03.17-19.40.46:695][804]LogRenderer: Reallocating scene render targets to support 1600x860 Format 10 NumSamples 1 (Frame:987).
[2020.03.17-19.40.46:817][804]LogSlate: FSceneViewport::OnFocusLost() reason 2
[2020.03.17-19.41.15:858][783]LogBlueprintUserMessages: Early EndPlayMap Detection: Level '/Game/TopDownBP/Maps/TopDownExampleMap.TopDownExampleMap:PersistentLevel' has LevelScriptBlueprint '/Game/TopDownBP/Maps/TopDownExampleMap.TopDownExampleMap:PersistentLevel.TopDownExampleMap' with GeneratedClass '/Game/TopDownBP/Maps/TopDownExampleMap.TopDownExampleMap_C' with ClassGeneratedBy '/Game/TopDownBP/Maps/TopDownExampleMap.TopDownExampleMap:PersistentLevel.TopDownExampleMap'
[2020.03.17-19.41.15:858][783]LogSlate: Updating window title bar state: overlay mode, drag disabled, window buttons hidden, title bar hidden
[2020.03.17-19.41.15:953][783]LogPlayLevel: Display: Shutting down PIE online subsystems
[2020.03.17-19.41.15:954][783]LogBlueprintUserMessages: Late EndPlayMap Detection: Level '/Game/TopDownBP/Maps/TopDownExampleMap.TopDownExampleMap:PersistentLevel' has LevelScriptBlueprint '/Game/TopDownBP/Maps/TopDownExampleMap.TopDownExampleMap:PersistentLevel.TopDownExampleMap' with GeneratedClass '/Game/TopDownBP/Maps/TopDownExampleMap.TopDownExampleMap_C' with ClassGeneratedBy '/Game/TopDownBP/Maps/TopDownExampleMap.TopDownExampleMap:PersistentLevel.TopDownExampleMap'
[2020.03.17-19.41.16:019][783]LogSlate: Updating window title bar state: overlay mode, drag disabled, window buttons hidden, title bar hidden
[2020.03.17-19.41.16:031][783]LogUObjectHash: Compacting FUObjectHashTables data took   8.38ms
[2020.03.17-19.41.16:043][784]LogPlayLevel: Display: Destroying online subsystem :Context_14
[2020.03.17-19.41.19:883][884]LogSlate: FSceneViewport::OnFocusLost() reason 2
[2020.03.17-19.41.21:432][933]LogSlate: FSceneViewport::OnFocusLost() reason 0
[2020.03.17-19.41.21:672][936]LogAssetEditorManager: Opening Asset editor for WidgetBlueprint /Game/TopDownBP/Blueprints/BLUE/TestingHUD.TestingHUD
[2020.03.17-19.41.24:759][ 42]LogSlate: Window 'TestingHUD' being destroyed
[2020.03.17-19.41.24:785][ 42]LogSlate: Window 'TestingHUD' being destroyed
[2020.03.17-19.41.25:803][ 62]LogSlate: FSceneViewport::OnFocusLost() reason 0
[2020.03.17-19.41.26:174][ 65]LogAssetEditorManager: Opening Asset editor for Blueprint /Game/TopDownBP/Blueprints/BLUE/BP_Blue.BP_Blue
[2020.03.17-19.41.36:929][ 66]LogSlate: Took 0.082455 seconds to synchronously load lazily loaded font '../../../Engine/Content/Slate/Fonts/Roboto-Italic.ttf' (157K)
[2020.03.17-19.41.47:208][300]LogSlate: FSceneViewport::OnFocusLost() reason 0
[2020.03.17-19.42.14:334][843]LogAssetEditorManager: Opening Asset editor for WidgetBlueprint /Game/TopDownBP/Blueprints/BLUE/TestingHUD.TestingHUD
[2020.03.17-19.43.58:921][534]LogSlate: FSceneViewport::OnFocusLost() reason 0
[2020.03.17-19.44.02:768][593]LogAssetEditorManager: Opening Asset editor for Blueprint /Game/TopDownBP/Blueprints/BLUE/Chest.Chest
[2020.03.17-19.46.25:927][544]LogUObjectHash: Compacting FUObjectHashTables data took   4.08ms
[2020.03.17-19.46.48:235][544]LogSavePackage: Moving 'D:/MyProjects/ProjectBlueUE422/ProjectBlue - Copie/ProjectBlue/Saved/TopDownExampleMap_Auto144D6C3DB44189D3979A563890CD55D19.tmp' to 'D:/MyProjects/ProjectBlueUE422/ProjectBlue - Copie/ProjectBlue/Saved/Autosaves/Game/TopDownBP/Maps/TopDownExampleMap_Auto1.umap'
[2020.03.17-19.46.49:056][544]LogFileHelpers: Editor autosave (incl. sublevels) for '/Game/TopDownBP/Maps/TopDownExampleMap' took 23.483
[2020.03.17-19.46.49:056][544]LogFileHelpers: Editor autosave (incl. sublevels) for all levels took 23.483
[2020.03.17-19.46.49:421][544]OBJ SavePackage: Generating thumbnails for [1] asset(s) in package [/Game/TopDownBP/Blueprints/BLUE/Chest] ([1] browsable assets)...
[2020.03.17-19.46.49:717][544]OBJ SavePackage:     Rendered thumbnail for [Blueprint /Game/TopDownBP/Blueprints/BLUE/Chest.Chest]
[2020.03.17-19.46.49:717][544]OBJ SavePackage: Finished generating thumbnails for package [/Game/TopDownBP/Blueprints/BLUE/Chest]
[2020.03.17-19.46.50:352][544]LogSavePackage: Moving 'D:/MyProjects/ProjectBlueUE422/ProjectBlue - Copie/ProjectBlue/Saved/Chest_Auto114AB450B495AF4B5D23A4D9342B50945.tmp' to 'D:/MyProjects/ProjectBlueUE422/ProjectBlue - Copie/ProjectBlue/Saved/Autosaves/Game/TopDownBP/Blueprints/BLUE/Chest_Auto1.uasset'
[2020.03.17-19.46.50:465][544]OBJ SavePackage: Generating thumbnails for [0] asset(s) in package [/Game/TopDownBP/Blueprints/BLUE/TestingHUD] ([1] browsable assets)...
[2020.03.17-19.46.50:465][544]OBJ SavePackage: Finished generating thumbnails for package [/Game/TopDownBP/Blueprints/BLUE/TestingHUD]
[2020.03.17-19.46.50:601][544]LogSavePackage: Moving 'D:/MyProjects/ProjectBlueUE422/ProjectBlue - Copie/ProjectBlue/Saved/TestingHUD_Auto1B7571D354F1129B1D807BCB0A025E359.tmp' to 'D:/MyProjects/ProjectBlueUE422/ProjectBlue - Copie/ProjectBlue/Saved/Autosaves/Game/TopDownBP/Blueprints/BLUE/TestingHUD_Auto1.uasset'
[2020.03.17-19.46.50:602][544]LogFileHelpers: Auto-saving content packages took 1.540
[2020.03.17-20.16.45:723][ 85]LogSlate: FSceneViewport::OnFocusLost() reason 0
[2020.03.17-20.17.23:992][858]LogUObjectHash: Compacting FUObjectHashTables data took  12.55ms
[2020.03.17-20.17.25:510][858]LogSavePackage: Moving 'D:/MyProjects/ProjectBlueUE422/ProjectBlue - Copie/ProjectBlue/Saved/TopDownExampleMap_Auto263F940BD404EB2B2761B90AB46625578.tmp' to 'D:/MyProjects/ProjectBlueUE422/ProjectBlue - Copie/ProjectBlue/Saved/Autosaves/Game/TopDownBP/Maps/TopDownExampleMap_Auto2.umap'
[2020.03.17-20.17.25:512][858]LogFileHelpers: Editor autosave (incl. sublevels) for '/Game/TopDownBP/Maps/TopDownExampleMap' took 1.716
[2020.03.17-20.17.25:512][858]LogFileHelpers: Editor autosave (incl. sublevels) for all levels took 1.716
[2020.03.17-20.17.25:514][858]OBJ SavePackage: Generating thumbnails for [1] asset(s) in package [/Game/TopDownBP/Blueprints/BLUE/Chest] ([1] browsable assets)...
[2020.03.17-20.17.25:588][858]OBJ SavePackage:     Rendered thumbnail for [Blueprint /Game/TopDownBP/Blueprints/BLUE/Chest.Chest]
[2020.03.17-20.17.25:589][858]OBJ SavePackage: Finished generating thumbnails for package [/Game/TopDownBP/Blueprints/BLUE/Chest]
[2020.03.17-20.17.25:951][858]LogSavePackage: Moving 'D:/MyProjects/ProjectBlueUE422/ProjectBlue - Copie/ProjectBlue/Saved/Chest_Auto2C030EBF0491328192F0E5BAD7EC2823E.tmp' to 'D:/MyProjects/ProjectBlueUE422/ProjectBlue - Copie/ProjectBlue/Saved/Autosaves/Game/TopDownBP/Blueprints/BLUE/Chest_Auto2.uasset'
[2020.03.17-20.17.25:952][858]LogFileHelpers: Auto-saving content packages took 0.438
