Log file open, 03/30/20 12:26:54
LogWindows: Failed to load 'aqProf.dll' (GetLastError=126)
LogWindows: File 'aqProf.dll' does not exist
LogWindows: Failed to load 'VtuneApi.dll' (GetLastError=126)
LogWindows: File 'VtuneApi.dll' does not exist
LogWindows: Failed to load 'VtuneApi32e.dll' (GetLastError=126)
LogWindows: File 'VtuneApi32e.dll' does not exist
LogConsoleResponse: Display: Failed to find resolution value strings in scalability ini. Falling back to default.
LogInit: Display: Running engine for game: ProjectBlue
LogPakFile: Registered encryption key '00000000000000000000000000000000': 0 pak files mounted, 0 remain pending
LogPlatformFile: Not using cached read wrapper
LogTaskGraph: Started task graph with 5 named threads and 23 total threads with 3 sets of task threads.
LogStats: Stats thread started at 0.273870
LogD3D11RHI: Loaded GFSDK_Aftermath_Lib.x64.dll
LogICUInternationalization: ICU TimeZone Detection - Raw Offset: +0:00, Platform Override: ''
LogPluginManager: Mounting plugin Paper2D
LogPluginManager: Mounting plugin AISupport
LogPluginManager: Mounting plugin LightPropagationVolume
LogPluginManager: Mounting plugin ActorLayerUtilities
LogPluginManager: Mounting plugin AnimationSharing
LogPluginManager: Mounting plugin CLionSourceCodeAccess
LogPluginManager: Mounting plugin CodeLiteSourceCodeAccess
LogPluginManager: Mounting plugin GitSourceControl
LogPluginManager: Mounting plugin KDevelopSourceCodeAccess
LogPluginManager: Mounting plugin NullSourceCodeAccess
LogPluginManager: Mounting plugin PerforceSourceControl
LogPluginManager: Mounting plugin SubversionSourceControl
LogPluginManager: Mounting plugin UObjectPlugin
LogPluginManager: Mounting plugin VisualStudioCodeSourceCodeAccess
LogPluginManager: Mounting plugin VisualStudioSourceCodeAccess
LogPluginManager: Mounting plugin XCodeSourceCodeAccess
LogPluginManager: Mounting plugin AssetManagerEditor
LogPluginManager: Mounting plugin CryptoKeys
LogPluginManager: Mounting plugin DataValidation
LogPluginManager: Mounting plugin FacialAnimation
LogPluginManager: Mounting plugin GameplayTagsEditor
LogPluginManager: Mounting plugin MacGraphicsSwitching
LogPluginManager: Mounting plugin MaterialAnalyzer
LogPluginManager: Mounting plugin MobileLauncherProfileWizard
LogPluginManager: Mounting plugin PluginBrowser
LogPluginManager: Mounting plugin SpeedTreeImporter
LogPluginManager: Mounting plugin DatasmithContent
LogPluginManager: Mounting plugin VariantManagerContent
LogPluginManager: Mounting plugin AlembicImporter
LogPluginManager: Mounting plugin AppleImageUtils
LogPluginManager: Mounting plugin AppleVision
LogPluginManager: Mounting plugin BackChannel
LogPluginManager: Mounting plugin CharacterAI
LogPluginManager: Mounting plugin GeometryCache
LogPluginManager: Mounting plugin HTML5Networking
LogPluginManager: Mounting plugin ProxyLODPlugin
LogPluginManager: Mounting plugin SkeletalReduction
LogPluginManager: Mounting plugin MagicLeap
LogPluginManager: Mounting plugin MagicLeapMedia
LogPluginManager: Mounting plugin AndroidMedia
LogPluginManager: Mounting plugin AvfMedia
LogPluginManager: Mounting plugin ImgMedia
LogPluginManager: Mounting plugin LinearTimecode
LogPluginManager: Mounting plugin MediaCompositing
LogPluginManager: Mounting plugin MediaPlayerEditor
LogPluginManager: Mounting plugin WebMMedia
LogPluginManager: Mounting plugin WmfMedia
LogPluginManager: Mounting plugin TcpMessaging
LogPluginManager: Mounting plugin UdpMessaging
LogPluginManager: Mounting plugin ActorSequence
LogPluginManager: Mounting plugin LevelSequenceEditor
LogPluginManager: Mounting plugin MatineeToLevelSequence
LogPluginManager: Mounting plugin NetcodeUnitTest
LogPluginManager: Mounting plugin NUTUnrealEngine4
LogPluginManager: Mounting plugin OnlineSubsystemGooglePlay
LogPluginManager: Mounting plugin OnlineSubsystemIOS
LogPluginManager: Mounting plugin OnlineSubsystem
LogPluginManager: Mounting plugin OnlineSubsystemNull
LogPluginManager: Mounting plugin OnlineSubsystemUtils
LogPluginManager: Mounting plugin LauncherChunkInstaller
LogPluginManager: Mounting plugin AndroidDeviceProfileSelector
LogPluginManager: Mounting plugin AndroidMoviePlayer
LogPluginManager: Mounting plugin AndroidPermission
LogPluginManager: Mounting plugin AppleMoviePlayer
LogPluginManager: Mounting plugin ArchVisCharacter
LogPluginManager: Mounting plugin AudioCapture
LogPluginManager: Mounting plugin CableComponent
LogPluginManager: Mounting plugin CustomMeshComponent
LogPluginManager: Mounting plugin EditableMesh
LogPluginManager: Mounting plugin ExampleDeviceProfileSelector
LogPluginManager: Mounting plugin Firebase
LogPluginManager: Mounting plugin GoogleCloudMessaging
LogPluginManager: Mounting plugin IOSDeviceProfileSelector
LogPluginManager: Mounting plugin LinuxDeviceProfileSelector
LogPluginManager: Mounting plugin LocationServicesBPLibrary
LogPluginManager: Mounting plugin MobilePatchingUtils
LogPluginManager: Mounting plugin OculusVR
LogPluginManager: Mounting plugin PhysXVehicles
LogPluginManager: Mounting plugin ProceduralMeshComponent
LogPluginManager: Mounting plugin RuntimePhysXCooking
LogPluginManager: Mounting plugin SignificanceManager
LogPluginManager: Mounting plugin SteamVR
LogPluginManager: Mounting plugin WebMMoviePlayer
LogPluginManager: Mounting plugin WindowsMoviePlayer
LogInit: Using libcurl 7.55.1-DEV
LogInit:  - built for x86_64-pc-win32
LogInit:  - supports SSL with OpenSSL/1.1.1
LogInit:  - supports HTTP deflate (compression) using libz 1.2.8
LogInit:  - other features:
LogInit:      CURL_VERSION_SSL
LogInit:      CURL_VERSION_LIBZ
LogInit:      CURL_VERSION_IPV6
LogInit:      CURL_VERSION_ASYNCHDNS
LogInit:      CURL_VERSION_LARGEFILE
LogInit:      CURL_VERSION_IDN
LogInit:  CurlRequestOptions (configurable via config and command line):
LogInit:  - bVerifyPeer = true  - Libcurl will verify peer certificate
LogInit:  - bUseHttpProxy = false  - Libcurl will NOT use HTTP proxy
LogInit:  - bDontReuseConnections = false  - Libcurl will reuse connections
LogInit:  - MaxHostConnections = 16  - Libcurl will limit the number of connections to a host
LogInit:  - LocalHostAddr = Default
LogInit:  - BufferSize = 65536
LogInit: WinSock: version 1.1 (2.2), MaxSocks=32767, MaxUdp=65467
LogInit: Build: ++UE4+Release-4.22-CL-7053642
LogInit: Engine Version: 4.22.3-7053642+++UE4+Release-4.22
LogInit: Compatible Engine Version: 4.22.0-5660361+++UE4+Release-4.22
LogInit: Net CL: 5660361
LogInit: OS: Windows 10 (Release 1903) (), CPU: Intel(R) Core(TM) i7-4700MQ CPU @ 2.40GHz, GPU: Intel(R) HD Graphics 4600
LogInit: Compiled (64-bit): Jun 18 2019 03:09:11
LogInit: Compiled with Visual C++: 19.16.27025.01
LogInit: Build Configuration: Development
LogInit: Branch Name: ++UE4+Release-4.22
LogInit: Command Line: 
LogInit: Base Directory: E:/Epic Games/UE_4.22/Engine/Binaries/Win64/
LogInit: Installed Engine Build: 1
LogDevObjectVersion: Number of dev versions registered: 23
LogDevObjectVersion:   Dev-Blueprints (B0D832E4-1F89-4F0D-ACCF-7EB736FD4AA2): 10
LogDevObjectVersion:   Dev-Build (E1C64328-A22C-4D53-A36C-8E866417BD8C): 0
LogDevObjectVersion:   Dev-Core (375EC13C-06E4-48FB-B500-84F0262A717E): 3
LogDevObjectVersion:   Dev-Editor (E4B068ED-F494-42E9-A231-DA0B2E46BB41): 30
LogDevObjectVersion:   Dev-Framework (CFFC743F-43B0-4480-9391-14DF171D2073): 35
LogDevObjectVersion:   Dev-Mobile (B02B49B5-BB20-44E9-A304-32B752E40360): 2
LogDevObjectVersion:   Dev-Networking (A4E4105C-59A1-49B5-A7C5-40C4547EDFEE): 0
LogDevObjectVersion:   Dev-Online (39C831C9-5AE6-47DC-9A44-9C173E1C8E7C): 0
LogDevObjectVersion:   Dev-Physics (78F01B33-EBEA-4F98-B9B4-84EACCB95AA2): 0
LogDevObjectVersion:   Dev-Platform (6631380F-2D4D-43E0-8009-CF276956A95A): 0
LogDevObjectVersion:   Dev-Rendering (12F88B9F-8875-4AFC-A67C-D90C383ABD29): 28
LogDevObjectVersion:   Dev-Sequencer (7B5AE74C-D270-4C10-A958-57980B212A5A): 11
LogDevObjectVersion:   Dev-VR (D7296918-1DD6-4BDD-9DE2-64A83CC13884): 2
LogDevObjectVersion:   Dev-LoadTimes (C2A15278-BFE7-4AFE-6C17-90FF531DF755): 1
LogDevObjectVersion:   Private-Geometry (6EACA3D4-40EC-4CC1-B786-8BED09428FC5): 3
LogDevObjectVersion:   Dev-AnimPhys (29E575DD-E0A3-4627-9D10-D276232CDCEA): 17
LogDevObjectVersion:   Dev-Anim (AF43A65D-7FD3-4947-9873-3E8ED9C1BB05): 2
LogDevObjectVersion:   Dev-ReflectionCapture (6B266CEC-1EC7-4B8F-A30B-E4D90942FC07): 1
LogDevObjectVersion:   Dev-Automation (0DF73D61-A23F-47EA-B727-89E90C41499A): 1
LogDevObjectVersion:   FortniteMain (601D1886-AC64-4F84-AA16-D3DE0DEAC7D6): 25
LogDevObjectVersion:   Dev-Enterprise (9DFFBCD6-494F-0158-E221-12823C92A888): 6
LogDevObjectVersion:   Dev-Niagara (F2AED0AC-9AFE-416F-8664-AA7FFA26D6FC): 1
LogDevObjectVersion:   Dev-Destruction (174F1F0B-B4C6-45A5-B13F-2EE8D0FB917D): 2
LogInit: Presizing for max 16777216 objects, including 0 objects not considered by GC, pre-allocating 0 bytes for permanent pool.
LogInit: Object subsystem initialized
LogConfig: Setting CVar [[con.DebugEarlyDefault:1]]
LogConfig: Setting CVar [[r.setres:1280x720]]
[2020.03.30-11.26.55:206][  0]LogConfig: Setting CVar [[r.VSync:0]]
[2020.03.30-11.26.55:206][  0]LogConfig: Setting CVar [[r.RHICmdBypass:0]]
[2020.03.30-11.26.55:206][  0]LogConfig: Applying CVar settings from Section [/Script/Engine.RendererSettings] File [D:/MyProjects/ProjectBlueUE422/ProjectBlue/ProjectBlue/ProjectBlue/Saved/Config/Windows/Engine.ini]
[2020.03.30-11.26.55:206][  0]LogConfig: Setting CVar [[r.GPUCrashDebugging:0]]
[2020.03.30-11.26.55:206][  0]LogConfig: Applying CVar settings from Section [/Script/Engine.RendererOverrideSettings] File [D:/MyProjects/ProjectBlueUE422/ProjectBlue/ProjectBlue/ProjectBlue/Saved/Config/Windows/Engine.ini]
[2020.03.30-11.26.55:206][  0]LogConfig: Applying CVar settings from Section [/Script/Engine.StreamingSettings] File [D:/MyProjects/ProjectBlueUE422/ProjectBlue/ProjectBlue/ProjectBlue/Saved/Config/Windows/Engine.ini]
[2020.03.30-11.26.55:206][  0]LogConfig: Setting CVar [[s.MinBulkDataSizeForAsyncLoading:131072]]
[2020.03.30-11.26.55:206][  0]LogConfig: Setting CVar [[s.AsyncLoadingThreadEnabled:0]]
[2020.03.30-11.26.55:206][  0]LogConfig: Setting CVar [[s.EventDrivenLoaderEnabled:1]]
[2020.03.30-11.26.55:206][  0]LogConfig: Setting CVar [[s.WarnIfTimeLimitExceeded:0]]
[2020.03.30-11.26.55:206][  0]LogConfig: Setting CVar [[s.TimeLimitExceededMultiplier:1.5]]
[2020.03.30-11.26.55:206][  0]LogConfig: Setting CVar [[s.TimeLimitExceededMinTime:0.005]]
[2020.03.30-11.26.55:206][  0]LogConfig: Setting CVar [[s.UseBackgroundLevelStreaming:1]]
[2020.03.30-11.26.55:206][  0]LogConfig: Setting CVar [[s.PriorityAsyncLoadingExtraTime:15.0]]
[2020.03.30-11.26.55:206][  0]LogConfig: Setting CVar [[s.LevelStreamingActorsUpdateTimeLimit:5.0]]
[2020.03.30-11.26.55:206][  0]LogConfig: Setting CVar [[s.PriorityLevelStreamingActorsUpdateExtraTime:5.0]]
[2020.03.30-11.26.55:206][  0]LogConfig: Setting CVar [[s.LevelStreamingComponentsRegistrationGranularity:10]]
[2020.03.30-11.26.55:206][  0]LogConfig: Setting CVar [[s.UnregisterComponentsTimeLimit:1.0]]
[2020.03.30-11.26.55:206][  0]LogConfig: Setting CVar [[s.LevelStreamingComponentsUnregistrationGranularity:5]]
[2020.03.30-11.26.55:206][  0]LogConfig: Applying CVar settings from Section [/Script/Engine.GarbageCollectionSettings] File [D:/MyProjects/ProjectBlueUE422/ProjectBlue/ProjectBlue/ProjectBlue/Saved/Config/Windows/Engine.ini]
[2020.03.30-11.26.55:206][  0]LogConfig: Setting CVar [[gc.MaxObjectsNotConsideredByGC:1]]
[2020.03.30-11.26.55:206][  0]LogConfig: Setting CVar [[gc.SizeOfPermanentObjectPool:0]]
[2020.03.30-11.26.55:206][  0]LogConfig: Setting CVar [[gc.FlushStreamingOnGC:0]]
[2020.03.30-11.26.55:206][  0]LogConfig: Setting CVar [[gc.NumRetriesBeforeForcingGC:10]]
[2020.03.30-11.26.55:206][  0]LogConfig: Setting CVar [[gc.AllowParallelGC:1]]
[2020.03.30-11.26.55:206][  0]LogConfig: Setting CVar [[gc.TimeBetweenPurgingPendingKillObjects:61.1]]
[2020.03.30-11.26.55:206][  0]LogConfig: Setting CVar [[gc.MaxObjectsInEditor:16777216]]
[2020.03.30-11.26.55:206][  0]LogConfig: Setting CVar [[gc.IncrementalBeginDestroyEnabled:1]]
[2020.03.30-11.26.55:206][  0]LogConfig: Setting CVar [[gc.CreateGCClusters:1]]
[2020.03.30-11.26.55:206][  0]LogConfig: Setting CVar [[gc.MinGCClusterSize:5]]
[2020.03.30-11.26.55:206][  0]LogConfig: Setting CVar [[gc.ActorClusteringEnabled:0]]
[2020.03.30-11.26.55:206][  0]LogConfig: Setting CVar [[gc.BlueprintClusteringEnabled:0]]
[2020.03.30-11.26.55:206][  0]LogConfig: Setting CVar [[gc.UseDisregardForGCOnDedicatedServers:0]]
[2020.03.30-11.26.55:206][  0]LogConfig: Applying CVar settings from Section [/Script/Engine.NetworkSettings] File [D:/MyProjects/ProjectBlueUE422/ProjectBlue/ProjectBlue/ProjectBlue/Saved/Config/Windows/Engine.ini]
[2020.03.30-11.26.55:206][  0]LogConfig: Applying CVar settings from Section [/Script/UnrealEd.CookerSettings] File [D:/MyProjects/ProjectBlueUE422/ProjectBlue/ProjectBlue/ProjectBlue/Saved/Config/Windows/Engine.ini]
[2020.03.30-11.26.55:209][  0]LogConfig: Applying CVar settings from Section [ViewDistanceQuality@3] File [D:/MyProjects/ProjectBlueUE422/ProjectBlue/ProjectBlue/ProjectBlue/Saved/Config/Windows/Scalability.ini]
[2020.03.30-11.26.55:209][  0]LogConfig: Setting CVar [[r.SkeletalMeshLODBias:0]]
[2020.03.30-11.26.55:209][  0]LogConfig: Setting CVar [[r.ViewDistanceScale:1.0]]
[2020.03.30-11.26.55:209][  0]LogConfig: Applying CVar settings from Section [AntiAliasingQuality@3] File [D:/MyProjects/ProjectBlueUE422/ProjectBlue/ProjectBlue/ProjectBlue/Saved/Config/Windows/Scalability.ini]
[2020.03.30-11.26.55:209][  0]LogConfig: Setting CVar [[r.PostProcessAAQuality:4]]
[2020.03.30-11.26.55:209][  0]LogConfig: Applying CVar settings from Section [ShadowQuality@3] File [D:/MyProjects/ProjectBlueUE422/ProjectBlue/ProjectBlue/ProjectBlue/Saved/Config/Windows/Scalability.ini]
[2020.03.30-11.26.55:209][  0]LogConfig: Setting CVar [[r.LightFunctionQuality:1]]
[2020.03.30-11.26.55:209][  0]LogConfig: Setting CVar [[r.ShadowQuality:5]]
[2020.03.30-11.26.55:209][  0]LogConfig: Setting CVar [[r.Shadow.CSM.MaxCascades:10]]
[2020.03.30-11.26.55:209][  0]LogConfig: Setting CVar [[r.Shadow.MaxResolution:2048]]
[2020.03.30-11.26.55:209][  0]LogConfig: Setting CVar [[r.Shadow.MaxCSMResolution:2048]]
[2020.03.30-11.26.55:209][  0]LogConfig: Setting CVar [[r.Shadow.RadiusThreshold:0.01]]
[2020.03.30-11.26.55:209][  0]LogConfig: Setting CVar [[r.Shadow.DistanceScale:1.0]]
[2020.03.30-11.26.55:209][  0]LogConfig: Setting CVar [[r.Shadow.CSM.TransitionScale:1.0]]
[2020.03.30-11.26.55:209][  0]LogConfig: Setting CVar [[r.Shadow.PreShadowResolutionFactor:1.0]]
[2020.03.30-11.26.55:209][  0]LogConfig: Setting CVar [[r.DistanceFieldShadowing:1]]
[2020.03.30-11.26.55:209][  0]LogConfig: Setting CVar [[r.DistanceFieldAO:1]]
[2020.03.30-11.26.55:209][  0]LogConfig: Setting CVar [[r.AOQuality:2]]
[2020.03.30-11.26.55:209][  0]LogConfig: Setting CVar [[r.VolumetricFog:1]]
[2020.03.30-11.26.55:209][  0]LogConfig: Setting CVar [[r.VolumetricFog.GridPixelSize:8]]
[2020.03.30-11.26.55:209][  0]LogConfig: Setting CVar [[r.VolumetricFog.GridSizeZ:128]]
[2020.03.30-11.26.55:209][  0]LogConfig: Setting CVar [[r.VolumetricFog.HistoryMissSupersampleCount:4]]
[2020.03.30-11.26.55:209][  0]LogConfig: Setting CVar [[r.LightMaxDrawDistanceScale:1]]
[2020.03.30-11.26.55:209][  0]LogConfig: Setting CVar [[r.CapsuleShadows:1]]
[2020.03.30-11.26.55:209][  0]LogConfig: Applying CVar settings from Section [PostProcessQuality@3] File [D:/MyProjects/ProjectBlueUE422/ProjectBlue/ProjectBlue/ProjectBlue/Saved/Config/Windows/Scalability.ini]
[2020.03.30-11.26.55:209][  0]LogConfig: Setting CVar [[r.MotionBlurQuality:4]]
[2020.03.30-11.26.55:209][  0]LogConfig: Setting CVar [[r.AmbientOcclusionMipLevelFactor:0.4]]
[2020.03.30-11.26.55:209][  0]LogConfig: Setting CVar [[r.AmbientOcclusionMaxQuality:100]]
[2020.03.30-11.26.55:209][  0]LogConfig: Setting CVar [[r.AmbientOcclusionLevels:-1]]
[2020.03.30-11.26.55:209][  0]LogConfig: Setting CVar [[r.AmbientOcclusionRadiusScale:1.0]]
[2020.03.30-11.26.55:209][  0]LogConfig: Setting CVar [[r.DepthOfFieldQuality:2]]
[2020.03.30-11.26.55:209][  0]LogConfig: Setting CVar [[r.RenderTargetPoolMin:400]]
[2020.03.30-11.26.55:209][  0]LogConfig: Setting CVar [[r.LensFlareQuality:2]]
[2020.03.30-11.26.55:209][  0]LogConfig: Setting CVar [[r.SceneColorFringeQuality:1]]
[2020.03.30-11.26.55:209][  0]LogConfig: Setting CVar [[r.EyeAdaptationQuality:2]]
[2020.03.30-11.26.55:209][  0]LogConfig: Setting CVar [[r.BloomQuality:5]]
[2020.03.30-11.26.55:209][  0]LogConfig: Setting CVar [[r.FastBlurThreshold:100]]
[2020.03.30-11.26.55:209][  0]LogConfig: Setting CVar [[r.Upscale.Quality:3]]
[2020.03.30-11.26.55:209][  0]LogConfig: Setting CVar [[r.Tonemapper.GrainQuantization:1]]
[2020.03.30-11.26.55:209][  0]LogConfig: Setting CVar [[r.LightShaftQuality:1]]
[2020.03.30-11.26.55:209][  0]LogConfig: Setting CVar [[r.Filter.SizeScale:1]]
[2020.03.30-11.26.55:209][  0]LogConfig: Setting CVar [[r.Tonemapper.Quality:5]]
[2020.03.30-11.26.55:209][  0]LogConfig: Setting CVar [[r.DOF.Gather.AccumulatorQuality:1        ; higher gathering accumulator quality]]
[2020.03.30-11.26.55:209][  0]LogConfig: Setting CVar [[r.DOF.Gather.PostfilterMethod:1          ; Median3x3 postfilering method]]
[2020.03.30-11.26.55:209][  0]LogConfig: Setting CVar [[r.DOF.Gather.EnableBokehSettings:0       ; no bokeh simulation when gathering]]
[2020.03.30-11.26.55:209][  0]LogConfig: Setting CVar [[r.DOF.Gather.RingCount:4                 ; medium number of samples when gathering]]
[2020.03.30-11.26.55:209][  0]LogConfig: Setting CVar [[r.DOF.Scatter.ForegroundCompositing:1    ; additive foreground scattering]]
[2020.03.30-11.26.55:209][  0]LogConfig: Setting CVar [[r.DOF.Scatter.BackgroundCompositing:2    ; additive background scattering]]
[2020.03.30-11.26.55:209][  0]LogConfig: Setting CVar [[r.DOF.Scatter.EnableBokehSettings:1      ; bokeh simulation when scattering]]
[2020.03.30-11.26.55:209][  0]LogConfig: Setting CVar [[r.DOF.Scatter.MaxSpriteRatio:0.1         ; only a maximum of 10% of scattered bokeh]]
[2020.03.30-11.26.55:209][  0]LogConfig: Setting CVar [[r.DOF.Recombine.Quality:1                ; cheap slight out of focus]]
[2020.03.30-11.26.55:209][  0]LogConfig: Setting CVar [[r.DOF.Recombine.EnableBokehSettings:0    ; no bokeh simulation on slight out of focus]]
[2020.03.30-11.26.55:209][  0]LogConfig: Setting CVar [[r.DOF.TemporalAAQuality:1                ; more stable temporal accumulation]]
[2020.03.30-11.26.55:209][  0]LogConfig: Setting CVar [[r.DOF.Kernel.MaxForegroundRadius:0.025]]
[2020.03.30-11.26.55:209][  0]LogConfig: Setting CVar [[r.DOF.Kernel.MaxBackgroundRadius:0.025]]
[2020.03.30-11.26.55:209][  0]LogConfig: Applying CVar settings from Section [TextureQuality@3] File [D:/MyProjects/ProjectBlueUE422/ProjectBlue/ProjectBlue/ProjectBlue/Saved/Config/Windows/Scalability.ini]
[2020.03.30-11.26.55:209][  0]LogConfig: Setting CVar [[r.Streaming.MipBias:0]]
[2020.03.30-11.26.55:209][  0]LogConfig: Setting CVar [[r.Streaming.AmortizeCPUToGPUCopy:0]]
[2020.03.30-11.26.55:209][  0]LogConfig: Setting CVar [[r.Streaming.MaxNumTexturesToStreamPerFrame:0]]
[2020.03.30-11.26.55:209][  0]LogConfig: Setting CVar [[r.Streaming.Boost:1]]
[2020.03.30-11.26.55:209][  0]LogConfig: Setting CVar [[r.MaxAnisotropy:8]]
[2020.03.30-11.26.55:209][  0]LogConfig: Setting CVar [[r.Streaming.LimitPoolSizeToVRAM:0]]
[2020.03.30-11.26.55:209][  0]LogConfig: Setting CVar [[r.Streaming.PoolSize:1000]]
[2020.03.30-11.26.55:209][  0]LogConfig: Setting CVar [[r.Streaming.MaxEffectiveScreenSize:0]]
[2020.03.30-11.26.55:209][  0]LogConfig: Applying CVar settings from Section [EffectsQuality@3] File [D:/MyProjects/ProjectBlueUE422/ProjectBlue/ProjectBlue/ProjectBlue/Saved/Config/Windows/Scalability.ini]
[2020.03.30-11.26.55:209][  0]LogConfig: Setting CVar [[r.TranslucencyLightingVolumeDim:64]]
[2020.03.30-11.26.55:209][  0]LogConfig: Setting CVar [[r.RefractionQuality:2]]
[2020.03.30-11.26.55:209][  0]LogConfig: Setting CVar [[r.SSR.Quality:3]]
[2020.03.30-11.26.55:209][  0]LogConfig: Setting CVar [[r.SceneColorFormat:4]]
[2020.03.30-11.26.55:209][  0]LogConfig: Setting CVar [[r.DetailMode:2]]
[2020.03.30-11.26.55:209][  0]LogConfig: Setting CVar [[r.TranslucencyVolumeBlur:1]]
[2020.03.30-11.26.55:209][  0]LogConfig: Setting CVar [[r.MaterialQualityLevel:1 ; High quality]]
[2020.03.30-11.26.55:209][  0]LogConfig: Setting CVar [[r.SSS.Scale:1]]
[2020.03.30-11.26.55:209][  0]LogConfig: Setting CVar [[r.SSS.SampleSet:2]]
[2020.03.30-11.26.55:209][  0]LogConfig: Setting CVar [[r.SSS.Quality:1]]
[2020.03.30-11.26.55:210][  0]LogConfig: Setting CVar [[r.SSS.HalfRes:1]]
[2020.03.30-11.26.55:210][  0]LogConfig: Setting CVar [[r.EmitterSpawnRateScale:1.0]]
[2020.03.30-11.26.55:210][  0]LogConfig: Setting CVar [[r.ParticleLightQuality:2]]
[2020.03.30-11.26.55:210][  0]LogConfig: Applying CVar settings from Section [FoliageQuality@3] File [D:/MyProjects/ProjectBlueUE422/ProjectBlue/ProjectBlue/ProjectBlue/Saved/Config/Windows/Scalability.ini]
[2020.03.30-11.26.55:210][  0]LogConfig: Setting CVar [[foliage.DensityScale:1.0]]
[2020.03.30-11.26.55:210][  0]LogConfig: Setting CVar [[grass.DensityScale:1.0]]
[2020.03.30-11.26.55:210][  0]LogInit: Selected Device Profile: [Windows]
[2020.03.30-11.26.55:210][  0]LogInit: Applying CVar settings loaded from the selected device profile: [Windows]
[2020.03.30-11.26.55:286][  0]LogHAL: Display: Platform has ~ 8 GB [8522936320 / 8589934592 / 8], which maps to Default [LargestMinGB=32, LargerMinGB=12, DefaultMinGB=8, SmallerMinGB=6, SmallestMinGB=0)
[2020.03.30-11.26.55:286][  0]LogConfig: Setting CVar [[r.Vulkan.UseRealUBs:0		; Required until we fix HLR fall-out]]
[2020.03.30-11.26.55:286][  0]LogInit: Going up to parent DeviceProfile []
[2020.03.30-11.26.55:286][  0]LogConfig: Applying CVar settings from Section [ViewDistanceQuality@3] File [D:/MyProjects/ProjectBlueUE422/ProjectBlue/ProjectBlue/ProjectBlue/Saved/Config/Windows/Scalability.ini]
[2020.03.30-11.26.55:286][  0]LogConfig: Setting CVar [[r.SkeletalMeshLODBias:0]]
[2020.03.30-11.26.55:286][  0]LogConfig: Setting CVar [[r.ViewDistanceScale:1.0]]
[2020.03.30-11.26.55:286][  0]LogConfig: Applying CVar settings from Section [AntiAliasingQuality@3] File [D:/MyProjects/ProjectBlueUE422/ProjectBlue/ProjectBlue/ProjectBlue/Saved/Config/Windows/Scalability.ini]
[2020.03.30-11.26.55:286][  0]LogConfig: Setting CVar [[r.PostProcessAAQuality:4]]
[2020.03.30-11.26.55:286][  0]LogConfig: Applying CVar settings from Section [ShadowQuality@3] File [D:/MyProjects/ProjectBlueUE422/ProjectBlue/ProjectBlue/ProjectBlue/Saved/Config/Windows/Scalability.ini]
[2020.03.30-11.26.55:286][  0]LogConfig: Setting CVar [[r.LightFunctionQuality:1]]
[2020.03.30-11.26.55:286][  0]LogConfig: Setting CVar [[r.ShadowQuality:5]]
[2020.03.30-11.26.55:286][  0]LogConfig: Setting CVar [[r.Shadow.CSM.MaxCascades:10]]
[2020.03.30-11.26.55:286][  0]LogConfig: Setting CVar [[r.Shadow.MaxResolution:2048]]
[2020.03.30-11.26.55:286][  0]LogConfig: Setting CVar [[r.Shadow.MaxCSMResolution:2048]]
[2020.03.30-11.26.55:286][  0]LogConfig: Setting CVar [[r.Shadow.RadiusThreshold:0.01]]
[2020.03.30-11.26.55:286][  0]LogConfig: Setting CVar [[r.Shadow.DistanceScale:1.0]]
[2020.03.30-11.26.55:286][  0]LogConfig: Setting CVar [[r.Shadow.CSM.TransitionScale:1.0]]
[2020.03.30-11.26.55:286][  0]LogConfig: Setting CVar [[r.Shadow.PreShadowResolutionFactor:1.0]]
[2020.03.30-11.26.55:286][  0]LogConfig: Setting CVar [[r.DistanceFieldShadowing:1]]
[2020.03.30-11.26.55:286][  0]LogConfig: Setting CVar [[r.DistanceFieldAO:1]]
[2020.03.30-11.26.55:286][  0]LogConfig: Setting CVar [[r.AOQuality:2]]
[2020.03.30-11.26.55:286][  0]LogConfig: Setting CVar [[r.VolumetricFog:1]]
[2020.03.30-11.26.55:286][  0]LogConfig: Setting CVar [[r.VolumetricFog.GridPixelSize:8]]
[2020.03.30-11.26.55:286][  0]LogConfig: Setting CVar [[r.VolumetricFog.GridSizeZ:128]]
[2020.03.30-11.26.55:286][  0]LogConfig: Setting CVar [[r.VolumetricFog.HistoryMissSupersampleCount:4]]
[2020.03.30-11.26.55:286][  0]LogConfig: Setting CVar [[r.LightMaxDrawDistanceScale:1]]
[2020.03.30-11.26.55:286][  0]LogConfig: Setting CVar [[r.CapsuleShadows:1]]
[2020.03.30-11.26.55:286][  0]LogConfig: Applying CVar settings from Section [PostProcessQuality@3] File [D:/MyProjects/ProjectBlueUE422/ProjectBlue/ProjectBlue/ProjectBlue/Saved/Config/Windows/Scalability.ini]
[2020.03.30-11.26.55:286][  0]LogConfig: Setting CVar [[r.MotionBlurQuality:4]]
[2020.03.30-11.26.55:286][  0]LogConfig: Setting CVar [[r.AmbientOcclusionMipLevelFactor:0.4]]
[2020.03.30-11.26.55:286][  0]LogConfig: Setting CVar [[r.AmbientOcclusionMaxQuality:100]]
[2020.03.30-11.26.55:286][  0]LogConfig: Setting CVar [[r.AmbientOcclusionLevels:-1]]
[2020.03.30-11.26.55:286][  0]LogConfig: Setting CVar [[r.AmbientOcclusionRadiusScale:1.0]]
[2020.03.30-11.26.55:286][  0]LogConfig: Setting CVar [[r.DepthOfFieldQuality:2]]
[2020.03.30-11.26.55:286][  0]LogConfig: Setting CVar [[r.RenderTargetPoolMin:400]]
[2020.03.30-11.26.55:286][  0]LogConfig: Setting CVar [[r.LensFlareQuality:2]]
[2020.03.30-11.26.55:286][  0]LogConfig: Setting CVar [[r.SceneColorFringeQuality:1]]
[2020.03.30-11.26.55:286][  0]LogConfig: Setting CVar [[r.EyeAdaptationQuality:2]]
[2020.03.30-11.26.55:286][  0]LogConfig: Setting CVar [[r.BloomQuality:5]]
[2020.03.30-11.26.55:286][  0]LogConfig: Setting CVar [[r.FastBlurThreshold:100]]
[2020.03.30-11.26.55:286][  0]LogConfig: Setting CVar [[r.Upscale.Quality:3]]
[2020.03.30-11.26.55:286][  0]LogConfig: Setting CVar [[r.Tonemapper.GrainQuantization:1]]
[2020.03.30-11.26.55:286][  0]LogConfig: Setting CVar [[r.LightShaftQuality:1]]
[2020.03.30-11.26.55:286][  0]LogConfig: Setting CVar [[r.Filter.SizeScale:1]]
[2020.03.30-11.26.55:286][  0]LogConfig: Setting CVar [[r.Tonemapper.Quality:5]]
[2020.03.30-11.26.55:286][  0]LogConfig: Setting CVar [[r.DOF.Gather.AccumulatorQuality:1        ; higher gathering accumulator quality]]
[2020.03.30-11.26.55:286][  0]LogConfig: Setting CVar [[r.DOF.Gather.PostfilterMethod:1          ; Median3x3 postfilering method]]
[2020.03.30-11.26.55:286][  0]LogConfig: Setting CVar [[r.DOF.Gather.EnableBokehSettings:0       ; no bokeh simulation when gathering]]
[2020.03.30-11.26.55:286][  0]LogConfig: Setting CVar [[r.DOF.Gather.RingCount:4                 ; medium number of samples when gathering]]
[2020.03.30-11.26.55:286][  0]LogConfig: Setting CVar [[r.DOF.Scatter.ForegroundCompositing:1    ; additive foreground scattering]]
[2020.03.30-11.26.55:286][  0]LogConfig: Setting CVar [[r.DOF.Scatter.BackgroundCompositing:2    ; additive background scattering]]
[2020.03.30-11.26.55:286][  0]LogConfig: Setting CVar [[r.DOF.Scatter.EnableBokehSettings:1      ; bokeh simulation when scattering]]
[2020.03.30-11.26.55:286][  0]LogConfig: Setting CVar [[r.DOF.Scatter.MaxSpriteRatio:0.1         ; only a maximum of 10% of scattered bokeh]]
[2020.03.30-11.26.55:286][  0]LogConfig: Setting CVar [[r.DOF.Recombine.Quality:1                ; cheap slight out of focus]]
[2020.03.30-11.26.55:286][  0]LogConfig: Setting CVar [[r.DOF.Recombine.EnableBokehSettings:0    ; no bokeh simulation on slight out of focus]]
[2020.03.30-11.26.55:286][  0]LogConfig: Setting CVar [[r.DOF.TemporalAAQuality:1                ; more stable temporal accumulation]]
[2020.03.30-11.26.55:286][  0]LogConfig: Setting CVar [[r.DOF.Kernel.MaxForegroundRadius:0.025]]
[2020.03.30-11.26.55:286][  0]LogConfig: Setting CVar [[r.DOF.Kernel.MaxBackgroundRadius:0.025]]
[2020.03.30-11.26.55:286][  0]LogConfig: Applying CVar settings from Section [TextureQuality@3] File [D:/MyProjects/ProjectBlueUE422/ProjectBlue/ProjectBlue/ProjectBlue/Saved/Config/Windows/Scalability.ini]
[2020.03.30-11.26.55:286][  0]LogConfig: Setting CVar [[r.Streaming.MipBias:0]]
[2020.03.30-11.26.55:286][  0]LogConfig: Setting CVar [[r.Streaming.AmortizeCPUToGPUCopy:0]]
[2020.03.30-11.26.55:286][  0]LogConfig: Setting CVar [[r.Streaming.MaxNumTexturesToStreamPerFrame:0]]
[2020.03.30-11.26.55:286][  0]LogConfig: Setting CVar [[r.Streaming.Boost:1]]
[2020.03.30-11.26.55:286][  0]LogConfig: Setting CVar [[r.MaxAnisotropy:8]]
[2020.03.30-11.26.55:286][  0]LogConfig: Setting CVar [[r.Streaming.LimitPoolSizeToVRAM:0]]
[2020.03.30-11.26.55:286][  0]LogConfig: Setting CVar [[r.Streaming.PoolSize:1000]]
[2020.03.30-11.26.55:286][  0]LogConfig: Setting CVar [[r.Streaming.MaxEffectiveScreenSize:0]]
[2020.03.30-11.26.55:286][  0]LogConfig: Applying CVar settings from Section [EffectsQuality@3] File [D:/MyProjects/ProjectBlueUE422/ProjectBlue/ProjectBlue/ProjectBlue/Saved/Config/Windows/Scalability.ini]
[2020.03.30-11.26.55:286][  0]LogConfig: Setting CVar [[r.TranslucencyLightingVolumeDim:64]]
[2020.03.30-11.26.55:286][  0]LogConfig: Setting CVar [[r.RefractionQuality:2]]
[2020.03.30-11.26.55:287][  0]LogConfig: Setting CVar [[r.SSR.Quality:3]]
[2020.03.30-11.26.55:287][  0]LogConfig: Setting CVar [[r.SceneColorFormat:4]]
[2020.03.30-11.26.55:287][  0]LogConfig: Setting CVar [[r.DetailMode:2]]
[2020.03.30-11.26.55:287][  0]LogConfig: Setting CVar [[r.TranslucencyVolumeBlur:1]]
[2020.03.30-11.26.55:287][  0]LogConfig: Setting CVar [[r.MaterialQualityLevel:1 ; High quality]]
[2020.03.30-11.26.55:287][  0]LogConfig: Setting CVar [[r.SSS.Scale:1]]
[2020.03.30-11.26.55:287][  0]LogConfig: Setting CVar [[r.SSS.SampleSet:2]]
[2020.03.30-11.26.55:287][  0]LogConfig: Setting CVar [[r.SSS.Quality:1]]
[2020.03.30-11.26.55:287][  0]LogConfig: Setting CVar [[r.SSS.HalfRes:1]]
[2020.03.30-11.26.55:287][  0]LogConfig: Setting CVar [[r.EmitterSpawnRateScale:1.0]]
[2020.03.30-11.26.55:287][  0]LogConfig: Setting CVar [[r.ParticleLightQuality:2]]
[2020.03.30-11.26.55:287][  0]LogConfig: Applying CVar settings from Section [FoliageQuality@3] File [D:/MyProjects/ProjectBlueUE422/ProjectBlue/ProjectBlue/ProjectBlue/Saved/Config/Windows/Scalability.ini]
[2020.03.30-11.26.55:287][  0]LogConfig: Setting CVar [[foliage.DensityScale:1.0]]
[2020.03.30-11.26.55:287][  0]LogConfig: Setting CVar [[grass.DensityScale:1.0]]
[2020.03.30-11.26.55:287][  0]LogConfig: Applying CVar settings from Section [Startup] File [../../../Engine/Config/ConsoleVariables.ini]
[2020.03.30-11.26.55:287][  0]LogConfig: Setting CVar [[net.UseAdaptiveNetUpdateFrequency:0]]
[2020.03.30-11.26.55:287][  0]LogConfig: Setting CVar [[p.chaos.AllowCreatePhysxBodies:1]]
[2020.03.30-11.26.55:287][  0]LogConfig: Applying CVar settings from Section [ConsoleVariables] File [D:/MyProjects/ProjectBlueUE422/ProjectBlue/ProjectBlue/ProjectBlue/Saved/Config/Windows/Engine.ini]
[2020.03.30-11.26.55:287][  0]LogInit: Computer: NEOIHA-PC
[2020.03.30-11.26.55:287][  0]LogInit: User: neoiha
[2020.03.30-11.26.55:287][  0]LogInit: CPU Page size=4096, Cores=4
[2020.03.30-11.26.55:287][  0]LogInit: High frequency timer resolution =10.000000 MHz
[2020.03.30-11.26.55:287][  0]LogMemory: Memory total: Physical=7.9GB (8GB approx)
[2020.03.30-11.26.55:287][  0]LogMemory: Platform Memory Stats for Windows
[2020.03.30-11.26.55:287][  0]LogMemory: Process Physical Memory: 97.96 MB used, 97.97 MB peak
[2020.03.30-11.26.55:287][  0]LogMemory: Process Virtual Memory: 92.56 MB used, 92.56 MB peak
[2020.03.30-11.26.55:287][  0]LogMemory: Physical Memory: 4605.34 MB used,  3522.76 MB free, 8128.11 MB total
[2020.03.30-11.26.55:287][  0]LogMemory: Virtual Memory: 4645.86 MB used,  134213080.00 MB free, 134217728.00 MB total
[2020.03.30-11.26.55:307][  0]LogInit: Using OS detected language (fr-FR).
[2020.03.30-11.26.55:307][  0]LogInit: Using OS detected locale (fr-FR).
[2020.03.30-11.26.55:307][  0]LogTextLocalizationManager: No specific localization for 'fr-FR' exists, so the 'fr' localization will be used.
[2020.03.30-11.26.55:308][  0]LogTextLocalizationResource: LocRes '../../../Engine/Content/Localization/Editor/fr/Editor.locres' could not be opened for reading!
[2020.03.30-11.26.55:308][  0]LogTextLocalizationResource: LocRes '../../../Engine/Content/Localization/EditorTutorials/fr/EditorTutorials.locres' could not be opened for reading!
[2020.03.30-11.26.55:308][  0]LogTextLocalizationResource: LocRes '../../../Engine/Content/Localization/Keywords/fr/Keywords.locres' could not be opened for reading!
[2020.03.30-11.26.55:308][  0]LogTextLocalizationResource: LocRes '../../../Engine/Content/Localization/Category/fr/Category.locres' could not be opened for reading!
[2020.03.30-11.26.55:308][  0]LogTextLocalizationResource: LocRes '../../../Engine/Content/Localization/ToolTips/fr/ToolTips.locres' could not be opened for reading!
[2020.03.30-11.26.55:308][  0]LogTextLocalizationResource: LocRes '../../../Engine/Content/Localization/PropertyNames/fr/PropertyNames.locres' could not be opened for reading!
[2020.03.30-11.26.55:308][  0]LogTextLocalizationResource: LocRes '../../../Engine/Content/Localization/Engine/fr/Engine.locres' could not be opened for reading!
[2020.03.30-11.26.55:309][  0]LogInit: Setting process to per monitor DPI aware
[2020.03.30-11.26.55:325][  0]LogSlate: New Slate User Created.  User Index 0, Is Virtual User: 0
[2020.03.30-11.26.55:325][  0]LogSlate: Slate User Registered.  User Index 0, Is Virtual User: 0
[2020.03.30-11.26.55:588][  0]LogHMD: Failed to initialize OpenVR with code 110
[2020.03.30-11.26.55:588][  0]LogD3D11RHI: D3D11 adapters:
[2020.03.30-11.26.55:652][  0]LogD3D11RHI:    0. 'NVIDIA GeForce GT 740M' (Feature Level 11_0)
[2020.03.30-11.26.55:652][  0]LogD3D11RHI:       2009/0/4064 MB DedicatedVideo/DedicatedSystem/SharedSystem, Outputs:1, VendorId:0x10de
[2020.03.30-11.26.55:658][  0]LogD3D11RHI:    1. 'Intel(R) HD Graphics 4600' (Feature Level 11_0)
[2020.03.30-11.26.55:658][  0]LogD3D11RHI:       112/0/2048 MB DedicatedVideo/DedicatedSystem/SharedSystem, Outputs:0, VendorId:0x8086
[2020.03.30-11.26.55:661][  0]LogD3D11RHI:    2. 'Microsoft Basic Render Driver' (Feature Level 11_0)
[2020.03.30-11.26.55:661][  0]LogD3D11RHI:       0/0/4064 MB DedicatedVideo/DedicatedSystem/SharedSystem, Outputs:0, VendorId:0x1414
[2020.03.30-11.26.55:661][  0]LogD3D11RHI: Chosen D3D11 Adapter: 0
[2020.03.30-11.26.55:680][  0]LogD3D11RHI: Creating new Direct3DDevice
[2020.03.30-11.26.55:680][  0]LogD3D11RHI:     GPU DeviceId: 0x1292 (for the marketing name, search the web for "GPU Device Id")
[2020.03.30-11.26.55:680][  0]LogWindows: EnumDisplayDevices:
[2020.03.30-11.26.55:680][  0]LogWindows:    0. 'Intel(R) HD Graphics 4600' (P:1 D:1)
[2020.03.30-11.26.55:681][  0]LogWindows:    1. 'Intel(R) HD Graphics 4600' (P:0 D:0)
[2020.03.30-11.26.55:681][  0]LogWindows:    2. 'Intel(R) HD Graphics 4600' (P:0 D:0)
[2020.03.30-11.26.55:681][  0]LogWindows: DebugString: PrimaryIsNotTheChoosenAdapter PrimaryIsNotTheChoosenAdapter PrimaryIsNotTheChoosenAdapter FoundDriverCount:0 
[2020.03.30-11.26.55:681][  0]LogD3D11RHI:     Adapter Name: NVIDIA GeForce GT 740M
[2020.03.30-11.26.55:681][  0]LogD3D11RHI:   Driver Version: Unknown (internal:Unknown, unified:Unknown)
[2020.03.30-11.26.55:681][  0]LogD3D11RHI:      Driver Date: Unknown
[2020.03.30-11.26.55:681][  0]LogRHI: Texture pool is 1406 MB (70% of 2009 MB)
[2020.03.30-11.26.55:722][  0]LogD3D11RHI: Async texture creation enabled
[2020.03.30-11.26.55:727][  0]LogRendererCore: FGlobalReadBuffer::InitRHI
[2020.03.30-11.26.55:728][  0]LogRendererCore: FGlobalReadBuffer::InitRHI
[2020.03.30-11.26.55:728][  0]LogRendererCore: FGlobalReadBuffer::InitRHI
[2020.03.30-11.26.55:737][  0]LogD3D11RHI: GPU Timing Frequency: 1000.000000 (Debug: 2 1)
[2020.03.30-11.26.56:044][  0]LogTemp: Display: Module 'AllDesktopTargetPlatform' loaded TargetPlatform 'AllDesktop'
[2020.03.30-11.26.56:058][  0]LogTemp: Display: Module 'MacClientTargetPlatform' loaded TargetPlatform 'MacClient'
[2020.03.30-11.26.56:073][  0]LogTemp: Display: Module 'MacNoEditorTargetPlatform' loaded TargetPlatform 'MacNoEditor'
[2020.03.30-11.26.56:088][  0]LogTemp: Display: Module 'MacServerTargetPlatform' loaded TargetPlatform 'MacServer'
[2020.03.30-11.26.56:104][  0]LogTemp: Display: Module 'MacTargetPlatform' loaded TargetPlatform 'Mac'
[2020.03.30-11.26.56:119][  0]LogTemp: Display: Module 'WindowsClientTargetPlatform' loaded TargetPlatform 'WindowsClient'
[2020.03.30-11.26.56:133][  0]LogTemp: Display: Module 'WindowsNoEditorTargetPlatform' loaded TargetPlatform 'WindowsNoEditor'
[2020.03.30-11.26.56:148][  0]LogTemp: Display: Module 'WindowsServerTargetPlatform' loaded TargetPlatform 'WindowsServer'
[2020.03.30-11.26.56:155][  0]LogTemp: Display: Module 'WindowsTargetPlatform' loaded TargetPlatform 'Windows'
[2020.03.30-11.26.56:242][  0]LogTemp: Display: Module 'AndroidTargetPlatform' loaded TargetPlatform 'Android'
[2020.03.30-11.26.56:242][  0]LogTemp: Display: Module 'AndroidTargetPlatform' loaded TargetPlatform 'Android_ASTC'
[2020.03.30-11.26.56:242][  0]LogTemp: Display: Module 'AndroidTargetPlatform' loaded TargetPlatform 'Android_ATC'
[2020.03.30-11.26.56:242][  0]LogTemp: Display: Module 'AndroidTargetPlatform' loaded TargetPlatform 'Android_DXT'
[2020.03.30-11.26.56:242][  0]LogTemp: Display: Module 'AndroidTargetPlatform' loaded TargetPlatform 'Android_ETC1'
[2020.03.30-11.26.56:242][  0]LogTemp: Display: Module 'AndroidTargetPlatform' loaded TargetPlatform 'Android_ETC1a'
[2020.03.30-11.26.56:242][  0]LogTemp: Display: Module 'AndroidTargetPlatform' loaded TargetPlatform 'Android_ETC2'
[2020.03.30-11.26.56:242][  0]LogTemp: Display: Module 'AndroidTargetPlatform' loaded TargetPlatform 'Android_PVRTC'
[2020.03.30-11.26.56:242][  0]LogTemp: Display: Module 'AndroidTargetPlatform' loaded TargetPlatform 'AndroidClient'
[2020.03.30-11.26.56:242][  0]LogTemp: Display: Module 'AndroidTargetPlatform' loaded TargetPlatform 'Android_ASTCClient'
[2020.03.30-11.26.56:242][  0]LogTemp: Display: Module 'AndroidTargetPlatform' loaded TargetPlatform 'Android_ATCClient'
[2020.03.30-11.26.56:242][  0]LogTemp: Display: Module 'AndroidTargetPlatform' loaded TargetPlatform 'Android_DXTClient'
[2020.03.30-11.26.56:242][  0]LogTemp: Display: Module 'AndroidTargetPlatform' loaded TargetPlatform 'Android_ETC1Client'
[2020.03.30-11.26.56:242][  0]LogTemp: Display: Module 'AndroidTargetPlatform' loaded TargetPlatform 'Android_ETC1aClient'
[2020.03.30-11.26.56:242][  0]LogTemp: Display: Module 'AndroidTargetPlatform' loaded TargetPlatform 'Android_ETC2Client'
[2020.03.30-11.26.56:242][  0]LogTemp: Display: Module 'AndroidTargetPlatform' loaded TargetPlatform 'Android_PVRTCClient'
[2020.03.30-11.26.56:242][  0]LogTemp: Display: Module 'AndroidTargetPlatform' loaded TargetPlatform 'Android_Multi'
[2020.03.30-11.26.56:243][  0]LogTemp: Display: Module 'AndroidTargetPlatform' loaded TargetPlatform 'Android_MultiClient'
[2020.03.30-11.26.56:244][  0]LogTemp: Display: Module 'HTML5TargetPlatform' loaded TargetPlatform 'HTML5'
[2020.03.30-11.26.56:296][  0]LogTemp: Display: Module 'IOSTargetPlatform' loaded TargetPlatform 'IOSClient'
[2020.03.30-11.26.56:296][  0]LogTemp: Display: Module 'IOSTargetPlatform' loaded TargetPlatform 'IOS'
[2020.03.30-11.26.56:321][  0]LogTemp: Display: Module 'TVOSTargetPlatform' loaded TargetPlatform 'TVOSClient'
[2020.03.30-11.26.56:321][  0]LogTemp: Display: Module 'TVOSTargetPlatform' loaded TargetPlatform 'TVOS'
[2020.03.30-11.26.56:334][  0]LogTemp: Display: Module 'LinuxClientTargetPlatform' loaded TargetPlatform 'LinuxClient'
[2020.03.30-11.26.56:348][  0]LogTemp: Display: Module 'LinuxNoEditorTargetPlatform' loaded TargetPlatform 'LinuxNoEditor'
[2020.03.30-11.26.56:361][  0]LogTemp: Display: Module 'LinuxServerTargetPlatform' loaded TargetPlatform 'LinuxServer'
[2020.03.30-11.26.56:375][  0]LogTemp: Display: Module 'LinuxTargetPlatform' loaded TargetPlatform 'Linux'
[2020.03.30-11.26.56:424][  0]LogTemp: Display: Module 'LuminTargetPlatform' loaded TargetPlatform 'Lumin'
[2020.03.30-11.26.56:424][  0]LogTemp: Display: Module 'LuminTargetPlatform' loaded TargetPlatform 'LuminClient'
[2020.03.30-11.26.56:424][  0]LogTargetPlatformManager: Display: Building Assets For Windows
[2020.03.30-11.26.56:432][  0]LogAudioDebug: Display: Lib vorbis DLL was dynamically loaded.
[2020.03.30-11.26.56:475][  0]LogShaderCompilers: Guid format shader working directory is -19 characters bigger than the processId version (D:/MyProjects/ProjectBlueUE422/ProjectBlue/ProjectBlue/ProjectBlue/Intermediate/Shaders/WorkingDirectory/3740/).
[2020.03.30-11.26.56:476][  0]LogShaderCompilers: Cleaned the shader compiler working directory 'C:/Users/neoiha/AppData/Local/Temp/UnrealShaderWorkingDir/08FF9DBD40C4F9112C6DF28E03C22DDD/'.
[2020.03.30-11.26.56:478][  0]LogXGEController: Cannot use XGE Controller as Incredibuild is not installed on this machine.
[2020.03.30-11.26.56:478][  0]LogShaderCompilers: Cannot use XGE Shader Compiler as Incredibuild is not installed on this machine.
[2020.03.30-11.26.56:478][  0]LogShaderCompilers: Display: Using Local Shader Compiler.
[2020.03.30-11.26.57:087][  0]LogDerivedDataCache: Display: Max Cache Size: 512 MB
[2020.03.30-11.26.57:144][  0]LogDerivedDataCache: Loaded boot cache 0.06s 71MB C:/Users/neoiha/AppData/Local/UnrealEngine/4.22/DerivedDataCache/Boot.ddc.
[2020.03.30-11.26.57:144][  0]LogDerivedDataCache: Display: Loaded Boot cache: C:/Users/neoiha/AppData/Local/UnrealEngine/4.22/DerivedDataCache/Boot.ddc
[2020.03.30-11.26.57:144][  0]LogDerivedDataCache: FDerivedDataBackendGraph:  Pak pak cache file D:/MyProjects/ProjectBlueUE422/ProjectBlue/ProjectBlue/ProjectBlue/DerivedDataCache/DDC.ddp not found, will not use a pak cache.
[2020.03.30-11.26.57:145][  0]LogDerivedDataCache: Unable to find inner node Pak for hierarchical cache Hierarchy.
[2020.03.30-11.26.57:145][  0]LogDerivedDataCache: FDerivedDataBackendGraph:  CompressedPak pak cache file D:/MyProjects/ProjectBlueUE422/ProjectBlue/ProjectBlue/ProjectBlue/DerivedDataCache/Compressed.ddp not found, will not use a pak cache.
[2020.03.30-11.26.57:145][  0]LogDerivedDataCache: Unable to find inner node CompressedPak for hierarchical cache Hierarchy.
[2020.03.30-11.26.57:158][  0]LogDerivedDataCache: Display: Pak cache opened for reading ../../../Engine/DerivedDataCache/Compressed.ddp.
[2020.03.30-11.26.57:158][  0]LogDerivedDataCache: FDerivedDataBackendGraph:  EnterprisePak pak cache file ../../../Enterprise/DerivedDataCache/Compressed.ddp not found, will not use a pak cache.
[2020.03.30-11.26.57:158][  0]LogDerivedDataCache: Unable to find inner node EnterprisePak for hierarchical cache Hierarchy.
[2020.03.30-11.26.57:170][  0]LogDerivedDataCache: Using Local data cache path C:/Users/neoiha/AppData/Local/UnrealEngine/Common/DerivedDataCache: Writable
[2020.03.30-11.26.57:170][  0]LogDerivedDataCache: Shared data cache path not found in *engine.ini, will not use an Shared cache.
[2020.03.30-11.26.57:170][  0]LogDerivedDataCache: Unable to find inner node Shared for hierarchical cache Hierarchy.
[2020.03.30-11.26.57:193][  0]LogMaterial: Verifying Global Shaders for PCD3D_SM5
[2020.03.30-11.26.57:195][  0]LogSlate: Using FreeType 2.6.0
[2020.03.30-11.26.57:195][  0]LogSlate: SlateFontServices - WITH_FREETYPE: 1, WITH_HARFBUZZ: 1
[2020.03.30-11.26.57:281][  0]LogAssetRegistry: FAssetRegistry took 0.0344 seconds to start up
[2020.03.30-11.26.57:604][  0]LogInit: Selected Device Profile: [Windows]
[2020.03.30-11.26.57:745][  0]LogMeshReduction: Using QuadricMeshReduction for automatic static mesh reduction
[2020.03.30-11.26.57:745][  0]LogMeshReduction: Using SimplygonMeshReduction for automatic skeletal mesh reduction
[2020.03.30-11.26.57:745][  0]LogMeshReduction: Using ProxyLODMeshReduction for automatic mesh merging
[2020.03.30-11.26.57:745][  0]LogMeshReduction: No distributed automatic mesh merging module available
[2020.03.30-11.26.57:745][  0]LogMeshMerging: No distributed automatic mesh merging module available
[2020.03.30-11.26.57:755][  0]LogNetVersion: ProjectBlue 1.0.0, NetCL: 5660361, EngineNetVer: 10, GameNetVer: 0 (Checksum: 348101587)
[2020.03.30-11.26.58:508][  0]LogPackageLocalizationCache: Processed 10 localized package path(s) for 1 prioritized culture(s) in 0.293743 seconds
[2020.03.30-11.26.58:515][  0]LogUObjectArray: 42205 objects as part of root set at end of initial load.
[2020.03.30-11.26.58:515][  0]LogUObjectAllocator: 7325032 out of 0 bytes used by permanent object pool.
[2020.03.30-11.26.58:515][  0]LogUObjectArray: CloseDisregardForGC: 0/0 objects in disregard for GC pool
[2020.03.30-11.26.59:326][  0]LogTcpMessaging: Initializing TcpMessaging bridge
[2020.03.30-11.26.59:339][  0]LogUdpMessaging: Initializing bridge on interface 0.0.0.0:0 to multicast group 230.0.0.1:6666.
[2020.03.30-11.26.59:443][  0]SourceControl: Source control is disabled
[2020.03.30-11.26.59:443][  0]SourceControl: Source control is disabled
[2020.03.30-11.26.59:444][  0]SourceControl: Source control is disabled
[2020.03.30-11.26.59:445][  0]SourceControl: Source control is disabled
[2020.03.30-11.26.59:507][  0]LogAndroidPermission: UAndroidPermissionCallbackProxy::GetInstance
[2020.03.30-11.26.59:597][  0]LogOcInput: OculusInput pre-init called
[2020.03.30-11.27.00:258][  0]LogEngine: Initializing Engine...
[2020.03.30-11.27.00:259][  0]LogHMD: Failed to initialize OpenVR with code 110
[2020.03.30-11.27.00:260][  0]LogStats: UGameplayTagsManager::InitializeManager -  0.000 s
[2020.03.30-11.27.00:479][  0]LogInit: Initializing FReadOnlyCVARCache
[2020.03.30-11.27.00:492][  0]LogAIModule: Creating AISystem for world Untitled
[2020.03.30-11.27.00:518][  0]LogInit: XAudio2 using 'Headset Earphone (Jabra UC VOICE 550a MS)' : 2 channels at 48 kHz using 16 bits per sample (channel mask 0x3)
[2020.03.30-11.27.00:655][  0]LogInit: FAudioDevice initialized.
[2020.03.30-11.27.00:655][  0]LogNetVersion: Set ProjectVersion to 1.0.0.0. Version Checksum will be recalculated on next use.
[2020.03.30-11.27.03:236][  0]LogDerivedDataCache: Saved boot cache 2.58s 71MB C:/Users/neoiha/AppData/Local/UnrealEngine/4.22/DerivedDataCache/Boot.ddc.
[2020.03.30-11.27.03:242][  0]LogInit: Texture streaming: Enabled
[2020.03.30-11.27.03:336][  0]LogEngineSessionManager: EngineSessionManager initialized
[2020.03.30-11.27.03:708][  0]LogInit: Transaction tracking system initialized
[2020.03.30-11.27.03:730][  0]BlueprintLog: New page: Editor Load
[2020.03.30-11.27.03:809][  0]LocalizationService: Localization service is disabled
[2020.03.30-11.27.05:984][  0]LogCook: Display: Max memory allowance for cook 16384mb min free memory 0mb
[2020.03.30-11.27.05:984][  0]LogCook: Display: Mobile HDR setting 1
[2020.03.30-11.27.06:162][  0]LogFileCache: Scanning file cache for directory 'D:/MyProjects/ProjectBlueUE422/ProjectBlue/ProjectBlue/ProjectBlue/Content/' took 0.22s
[2020.03.30-11.27.06:162][  0]SourceControl: Source control is disabled
[2020.03.30-11.27.06:597][  0]LogSlate: Took 0.000128 seconds to synchronously load lazily loaded font '../../../Engine/Content/Slate/Fonts/Roboto-Regular.ttf' (155K)
[2020.03.30-11.30.28:903][  0]LogSlate: Window 'Restore Packages' being destroyed
[2020.03.30-11.30.28:904][  0]LogWindowsTextInputMethodSystem: Display: IME system now deactivated.
[2020.03.30-11.30.28:914][  0]LogWindowsTextInputMethodSystem: Display: IME system now deactivated.
[2020.03.30-11.30.28:915][  0]Cmd: MAP LOAD FILE="D:/MyProjects/ProjectBlueUE422/ProjectBlue/ProjectBlue/ProjectBlue/Content/TopDownBP/Maps/TopDownExampleMap.umap" TEMPLATE=0 SHOWPROGRESS=1 FEATURELEVEL=3
[2020.03.30-11.30.28:916][  0]LightingResults: New page: Lighting Build
[2020.03.30-11.30.28:920][  0]MapCheck: New page: Map Check
[2020.03.30-11.30.28:920][  0]LightingResults: New page: Lighting Build
[2020.03.30-11.30.28:953][  0]LogUObjectHash: Compacting FUObjectHashTables data took   2.05ms
[2020.03.30-11.30.35:524][  0]LogAIModule: Creating AISystem for world TopDownExampleMap
[2020.03.30-11.30.36:187][  0]LogEditorServer: Finished looking for orphan Actors (0.000 secs)
[2020.03.30-11.30.36:221][  0]LogUObjectHash: Compacting FUObjectHashTables data took   2.80ms
[2020.03.30-11.30.36:222][  0]Cmd: MAP CHECKDEP NOCLEARLOG
[2020.03.30-11.30.36:222][  0]MapCheck: Map check complete: 0 Error(s), 0 Warning(s), took 0,171ms to complete.
[2020.03.30-11.30.36:222][  0]LogFileHelpers: Loading map 'TopDownExampleMap' took 7.307
[2020.03.30-11.30.37:278][  0]LogSlate: Updating window title bar state: overlay mode, drag disabled, window buttons hidden, title bar hidden
[2020.03.30-11.30.37:321][  0]LogSlate: Updating window title bar state: overlay mode, drag disabled, window buttons hidden, title bar hidden
[2020.03.30-11.30.37:329][  0]LogSlate: Updating window title bar state: overlay mode, drag disabled, window buttons hidden, title bar hidden
[2020.03.30-11.30.37:337][  0]LogSlate: Updating window title bar state: overlay mode, drag disabled, window buttons hidden, title bar hidden
[2020.03.30-11.30.37:528][  0]LogCollectionManager: Loaded 0 collections in 0.023017 seconds
[2020.03.30-11.30.37:778][  0]LogFileCache: Scanning file cache for directory 'D:/MyProjects/ProjectBlueUE422/ProjectBlue/ProjectBlue/ProjectBlue/Saved/Collections/' took 0.01s
[2020.03.30-11.30.37:778][  0]LogFileCache: Scanning file cache for directory 'D:/MyProjects/ProjectBlueUE422/ProjectBlue/ProjectBlue/ProjectBlue/Content/Developers/neoiha/Collections/' took 0.01s
[2020.03.30-11.30.37:778][  0]LogFileCache: Scanning file cache for directory 'D:/MyProjects/ProjectBlueUE422/ProjectBlue/ProjectBlue/ProjectBlue/Content/Collections/' took 0.00s
[2020.03.30-11.30.37:778][  0]LogCollectionManager: Rebuilt the GUID cache for 0 collections in 0.000001 seconds
[2020.03.30-11.30.37:796][  0]LogContentBrowser: Native class hierarchy populated in 0.0105 seconds. Added 2732 classes and 659 folders.
[2020.03.30-11.30.37:908][  0]LogContentBrowser: Native class hierarchy updated for 'WidgetCarousel' in 0.0004 seconds. Added 0 classes and 0 folders.
[2020.03.30-11.30.38:013][  0]LogPakFile: Registered encryption key '00000000000000000000000000000000': 0 pak files mounted, 0 remain pending
[2020.03.30-11.30.38:046][  0]LogPakFile: Registered encryption key '00000000000000000000000000000000': 0 pak files mounted, 0 remain pending
[2020.03.30-11.30.38:050][  0]LogPakFile: Registered encryption key '00000000000000000000000000000000': 0 pak files mounted, 0 remain pending
[2020.03.30-11.30.38:067][  0]LogPakFile: Registered encryption key '00000000000000000000000000000000': 0 pak files mounted, 0 remain pending
[2020.03.30-11.30.38:072][  0]LogPakFile: Registered encryption key '00000000000000000000000000000000': 0 pak files mounted, 0 remain pending
[2020.03.30-11.30.38:075][  0]LogPakFile: Registered encryption key '00000000000000000000000000000000': 0 pak files mounted, 0 remain pending
[2020.03.30-11.30.38:079][  0]LogPakFile: Registered encryption key '00000000000000000000000000000000': 0 pak files mounted, 0 remain pending
[2020.03.30-11.30.38:095][  0]LogPakFile: Registered encryption key '00000000000000000000000000000000': 0 pak files mounted, 0 remain pending
[2020.03.30-11.30.38:115][  0]LogPakFile: Registered encryption key '00000000000000000000000000000000': 0 pak files mounted, 0 remain pending
[2020.03.30-11.30.38:128][  0]LogPakFile: Registered encryption key '00000000000000000000000000000000': 0 pak files mounted, 0 remain pending
[2020.03.30-11.30.38:132][  0]LogPakFile: Registered encryption key '00000000000000000000000000000000': 0 pak files mounted, 0 remain pending
[2020.03.30-11.30.38:137][  0]LogPakFile: Registered encryption key '00000000000000000000000000000000': 0 pak files mounted, 0 remain pending
[2020.03.30-11.30.38:141][  0]LogPakFile: Registered encryption key '00000000000000000000000000000000': 0 pak files mounted, 0 remain pending
[2020.03.30-11.30.38:155][  0]LogPakFile: Registered encryption key '00000000000000000000000000000000': 0 pak files mounted, 0 remain pending
[2020.03.30-11.30.38:159][  0]LogPakFile: Registered encryption key '00000000000000000000000000000000': 0 pak files mounted, 0 remain pending
[2020.03.30-11.30.38:163][  0]LogPakFile: Registered encryption key '00000000000000000000000000000000': 0 pak files mounted, 0 remain pending
[2020.03.30-11.30.38:211][  0]LogPakFile: Registered encryption key '00000000000000000000000000000000': 0 pak files mounted, 0 remain pending
[2020.03.30-11.30.38:240][  0]LogPakFile: Registered encryption key '00000000000000000000000000000000': 0 pak files mounted, 0 remain pending
[2020.03.30-11.30.38:244][  0]LogPakFile: Registered encryption key '00000000000000000000000000000000': 0 pak files mounted, 0 remain pending
[2020.03.30-11.30.38:247][  0]LogPakFile: Registered encryption key '00000000000000000000000000000000': 0 pak files mounted, 0 remain pending
[2020.03.30-11.30.38:257][  0]LogPakFile: Registered encryption key '00000000000000000000000000000000': 0 pak files mounted, 0 remain pending
[2020.03.30-11.30.38:261][  0]LogPakFile: Registered encryption key '00000000000000000000000000000000': 0 pak files mounted, 0 remain pending
[2020.03.30-11.30.38:265][  0]LogPakFile: Registered encryption key '00000000000000000000000000000000': 0 pak files mounted, 0 remain pending
[2020.03.30-11.30.38:283][  0]LogPakFile: Registered encryption key '00000000000000000000000000000000': 0 pak files mounted, 0 remain pending
[2020.03.30-11.30.38:287][  0]LogPakFile: Registered encryption key '00000000000000000000000000000000': 0 pak files mounted, 0 remain pending
[2020.03.30-11.30.38:298][  0]LogPakFile: Registered encryption key '00000000000000000000000000000000': 0 pak files mounted, 0 remain pending
[2020.03.30-11.30.39:133][  0]LogContentBrowser: Native class hierarchy updated for 'AddContentDialog' in 0.0003 seconds. Added 0 classes and 0 folders.
[2020.03.30-11.30.39:243][  0]LogContentBrowser: Native class hierarchy updated for 'SceneOutliner' in 0.0004 seconds. Added 1 classes and 2 folders.
[2020.03.30-11.30.41:666][  0]LogSlate: Took 0.000256 seconds to synchronously load lazily loaded font '../../../Engine/Content/Slate/Fonts/Roboto-Bold.ttf' (160K)
[2020.03.30-11.30.41:897][  0]LogSlate: Took 0.060493 seconds to synchronously load lazily loaded font '../../../Engine/Content/Editor/Slate/Fonts/FontAwesome.ttf' (139K)
[2020.03.30-11.30.42:635][  0]LogRenderer: Reallocating scene render targets to support 1004x456 Format 10 NumSamples 1 (Frame:1).
[2020.03.30-11.30.43:773][  0]LogContentBrowser: Native class hierarchy updated for 'HierarchicalLODOutliner' in 0.0003 seconds. Added 0 classes and 0 folders.
[2020.03.30-11.30.43:774][  0]LogLoad: (Engine Initialization) Total time: 232.20 seconds
[2020.03.30-11.30.43:774][  0]LogLoad: (Engine Initialization) Total Blueprint compile time: 0.00 seconds
[2020.03.30-11.30.44:020][  0]LogAssetRegistry: Asset discovery search completed in 226.7617 seconds
[2020.03.30-11.30.44:023][  0]LogCollectionManager: Rebuilt the object cache for 0 collections in 0.000000 seconds (found 0 objects)
[2020.03.30-11.30.44:023][  0]LogCollectionManager: Fixed up redirectors for 0 collections in 0.000054 seconds (updated 0 objects)
[2020.03.30-11.30.44:370][  0]LogContentStreaming: Texture pool size now 1000 MB
[2020.03.30-11.30.44:571][  0]LogSlate: Took 0.058264 seconds to synchronously load lazily loaded font '../../../Engine/Content/Slate/Fonts/Roboto-Light.ttf' (167K)
[2020.03.30-11.30.44:648][  1]LogFileCache: Retrieving MD5 hashes for directory 'D:/MyProjects/ProjectBlueUE422/ProjectBlue/ProjectBlue/ProjectBlue/Content/' took 0.78s
[2020.03.30-11.30.45:500][  3]LogSlate: Took 0.000194 seconds to synchronously load lazily loaded font '../../../Engine/Content/Slate/Fonts/Roboto-Light.ttf' (167K)
[2020.03.30-11.30.57:795][ 40]LogSlate: FSceneViewport::OnFocusLost() reason 0
[2020.03.30-11.30.58:903][ 90]LogAssetEditorManager: Opening Asset editor for Blueprint /Game/TopDownBP/Blueprints/BLUE/Heart.Heart
[2020.03.30-11.31.08:427][ 90]LogContentBrowser: Native class hierarchy updated for 'BlueprintGraph' in 0.0007 seconds. Added 121 classes and 0 folders.
[2020.03.30-11.32.02:502][ 90]LogAssetEditorManager: Opening Asset editor for Blueprint /Game/TopDownBP/Blueprints/BLUE/LHand.LHand
[2020.03.30-11.32.02:993][ 90]LogAssetEditorManager: Opening Asset editor for Blueprint /Game/TopDownBP/Blueprints/BLUE/BP_Blue.BP_Blue
[2020.03.30-11.32.06:219][ 90]LogAssetEditorManager: Opening Asset editor for WidgetBlueprint /Game/TopDownBP/Blueprints/BLUE/TestingHUD.TestingHUD
[2020.03.30-11.32.32:958][ 90]LogBlueprintActionDatabase: Requesting refresh due to module change: SequencerWidgets (loaded)
[2020.03.30-11.32.51:263][ 90]LogAssetEditorManager: Opening Asset editor for Blueprint /Game/TopDownBP/Blueprints/TopDownController.TopDownController
[2020.03.30-11.33.03:441][ 90]LogSlate: Took 0.453871 seconds to synchronously load lazily loaded font '../../../Engine/Content/Slate/Fonts/Roboto-BoldCondensed.ttf' (158K)
[2020.03.30-11.33.35:586][ 91]LogUnrealEdMisc: Warning: Heartbeat event firing too frequently (0.000 sec). This should never happen. Something is wrong with the timer delegate!
[2020.03.30-11.33.35:782][ 91]LogSlate: Took 0.138444 seconds to synchronously load lazily loaded font '../../../Engine/Content/Slate/Fonts/Roboto-Italic.ttf' (157K)
[2020.03.30-11.33.43:817][105]LogUnrealEdMisc: Warning: Heartbeat event firing too frequently (8.231 sec). This should never happen. Something is wrong with the timer delegate!
[2020.03.30-11.37.18:555][756]LogSlate: FSceneViewport::OnFocusLost() reason 0
[2020.03.30-11.49.28:615][299]LogWindows: Warning: CreateProc failed: Le fichier spécifié est introuvable. (0x00000002)
[2020.03.30-11.49.28:615][299]LogWindows: Warning: URL: C:/Program Files/Git/bin/git.exe version
[2020.03.30-11.49.28:616][299]LogWindows: Warning: CreateProc failed: Le fichier spécifié est introuvable. (0x00000002)
[2020.03.30-11.49.28:616][299]LogWindows: Warning: URL: C:/Program Files (x86)/Git/bin/git.exe version
[2020.03.30-11.49.28:616][299]LogWindows: Warning: CreateProc failed: Le fichier spécifié est introuvable. (0x00000002)
[2020.03.30-11.49.28:617][299]LogWindows: Warning: URL: C:\Users\neoiha\AppData\Local/Programs/Git/cmd/git.exe version
[2020.03.30-11.49.28:617][299]LogWindows: Warning: CreateProc failed: Le fichier spécifié est introuvable. (0x00000002)
[2020.03.30-11.49.28:617][299]LogWindows: Warning: URL: C:/Program Files (x86)/SmartGit/git/bin/git.exe version
[2020.03.30-11.49.28:617][299]LogWindows: Warning: CreateProc failed: Le fichier spécifié est introuvable. (0x00000002)
[2020.03.30-11.49.28:617][299]LogWindows: Warning: URL: C:/Program Files (x86)/SmartGit/bin/git.exe version
[2020.03.30-11.49.28:617][299]LogWindows: Warning: CreateProc failed: Le fichier spécifié est introuvable. (0x00000002)
[2020.03.30-11.49.28:617][299]LogWindows: Warning: URL: C:\Users\neoiha\AppData\Local/Atlassian/SourceTree/git_local/bin/git.exe version
[2020.03.30-11.49.28:618][299]LogWindows: Warning: CreateProc failed: Le fichier spécifié est introuvable. (0x00000002)
[2020.03.30-11.49.28:618][299]LogWindows: Warning: URL: C:/Program Files (x86)/fournova/Tower/vendor/Git/bin/git.exe version
[2020.03.30-11.49.29:579][364]SourceControl: Error: Failed to enable Git source control. You need to install Git and specify a valid path to git executable.
[2020.03.30-11.50.08:516][129]LogSlate: Window 'Source Control Login' being destroyed
[2020.03.30-11.50.43:808][440]LogUnrealEdMisc: Warning: Heartbeat event firing too frequently (40.474 sec). This should never happen. Something is wrong with the timer delegate!
[2020.03.30-11.51.31:384][724]LogSlate: Window 'Source Control Login' being destroyed
[2020.03.30-11.54.14:809][362]LogSlate: Window 'Save Level As' being destroyed
[2020.03.30-11.54.55:082][150]LogSlate: Window 'TestingHUD' being destroyed
[2020.03.30-11.54.55:087][150]LogSlate: Window 'TestingHUD' being destroyed
[2020.03.30-11.54.55:104][150]LogActorComponent: UnregisterComponent: (/Engine/Transient.EditorFloorComp) Not registered. Aborting.
[2020.03.30-11.54.56:293][150]LogActorComponent: UnregisterComponent: (/Engine/Transient.EditorFloorComp) Not registered. Aborting.
[2020.03.30-11.54.56:492][150]LogActorComponent: UnregisterComponent: (/Engine/Transient.EditorFloorComp) Not registered. Aborting.
[2020.03.30-11.54.59:664][380]SourceControl: fatal: E:/Epic Games/UE_4.22/Engine/Content: 'E:/Epic Games/UE_4.22/Engine/Content' is outside repository at 'D:/MyProjects/ProjectBlueUE422/ProjectBlue/ProjectBlue'
[2020.03.30-11.55.24:849][380]LogSlate: Window 'Submit Files' being destroyed
[2020.03.30-11.55.28:891][380]LogSourceControl: commit successful: [dev d65a801] testing github from unreal
[2020.03.30-11.55.29:100][380]SourceControl: [dev d65a801] testing github from unreal
[2020.03.30-11.55.29:100][380]SourceControl:  6 files changed, 0 insertions(+), 0 deletions(-)
[2020.03.30-11.55.29:100][380]SourceControl:  rewrite ProjectBlue/Content/TopDownBP/Blueprints/BLUE/BP_Blue.uasset (87%)
[2020.03.30-11.55.29:100][380]SourceControl:  create mode 100644 ProjectBlue/Content/TopDownBP/Blueprints/BLUE/Maze_LV1.uasset
[2020.03.30-11.55.29:100][380]SourceControl:  rewrite ProjectBlue/Content/TopDownBP/Blueprints/BLUE/TestingHUD.uasset (80%)
[2020.03.30-11.55.29:105][380]SourceControl: Commited [dev d65a801] testing github from unreal.
[2020.03.30-11.56.25:169][902]LogHttp: Warning: 00000162F9494B80: request failed, libcurl error: 56 (Failure when receiving data from the peer)
[2020.03.30-11.56.25:169][902]LogHttp: Warning: 00000162F9494B80: libcurl info message cache 0 (Found bundle for host datarouter.ol.epicgames.com: 0x1628354bf70 [can pipeline])
[2020.03.30-11.56.25:169][902]LogHttp: Warning: 00000162F9494B80: libcurl info message cache 1 (Re-using existing connection! (#10) with host datarouter.ol.epicgames.com)
[2020.03.30-11.56.25:169][902]LogHttp: Warning: 00000162F9494B80: libcurl info message cache 2 (Connected to datarouter.ol.epicgames.com (54.80.69.247) port 443 (#10))
[2020.03.30-11.56.25:169][902]LogHttp: Warning: 00000162F9494B80: libcurl info message cache 3 (We are completely uploaded and fine)
[2020.03.30-11.56.25:169][902]LogHttp: Warning: 00000162F9494B80: libcurl info message cache 4 (OpenSSL SSL_read: SSL_ERROR_SYSCALL, errno 10054)
[2020.03.30-11.56.25:169][902]LogHttp: Warning: 00000162F9494B80: libcurl info message cache 5 (Connection died, retrying a fresh connect)
[2020.03.30-11.56.25:169][902]LogHttp: Warning: 00000162F9494B80: libcurl info message cache 6 (necessary data rewind wasn't possible)
[2020.03.30-11.56.25:169][902]LogHttp: Warning: 00000162F9494B80: libcurl info message cache 7 (Closing connection 10)
[2020.03.30-11.56.25:169][902]LogHttp: Warning: Retry exhausted on https://datarouter.ol.epicgames.com/datarouter/api/v1/public/data?SessionID=%7B23D04E27-451A-06B4-6FD2-3DB6D37DBECF%7D&AppID=UEEditor.Rocket.Release&AppVersion=4.22.3-7053642%2B%2B%2BUE4%2BRelease-4.22&UserID=d345c57549ce3ee8f93721b580a3edc7%7C6ff53c05a1c540a1983c631e0e19ed9d%7C&AppEnvironment=datacollector-binary&UploadType=eteventstream
[2020.03.30-11.56.32:196][921]LogAudio: Warning: Current Audio Device with ID {0.0.0.00000000}.{62571b98-85e3-406c-a790-2b6a6efc808c} was removed. Shutting down audio device.
[2020.03.30-11.56.32:196][921]LogInit: XAudio2 using 'Enceintes / Casque (IDT High Definition Audio CODEC)' : 2 channels at 48 kHz using 16 bits per sample (channel mask 0x3)
[2020.03.30-12.03.25:230][461]SourceControl: fatal: E:/Epic Games/UE_4.22/Engine/Content: 'E:/Epic Games/UE_4.22/Engine/Content' is outside repository at 'D:/MyProjects/ProjectBlueUE422/ProjectBlue/ProjectBlue'
[2020.03.30-12.03.25:324][461]EditorErrors: Warning: No assets to check in!
[2020.03.30-12.05.11:788][844]LogWindows: LaunchURL http://wiki.unrealengine.com
[2020.03.30-12.47.30:873][493]LogInit: XAudio2 using 'Headset Earphone (Jabra UC VOICE 550a MS)' : 2 channels at 48 kHz using 16 bits per sample (channel mask 0x3)
[2020.03.30-12.47.32:898][494]LogInit: XAudio2 using 'Headset Earphone (Jabra UC VOICE 550a MS)' : 2 channels at 48 kHz using 16 bits per sample (channel mask 0x3)
[2020.03.30-12.47.57:985][872]SourceControl: fatal: E:/Epic Games/UE_4.22/Engine/Content: 'E:/Epic Games/UE_4.22/Engine/Content' is outside repository at 'D:/MyProjects/ProjectBlueUE422/ProjectBlue/ProjectBlue'
[2020.03.30-12.47.58:093][872]EditorErrors: Warning: No assets to check in!
[2020.03.30-13.43.39:953][903]LogAssetEditorManager: Opening Asset editor for Blueprint /Game/TopDownBP/Blueprints/BLUE/BP_Blue.BP_Blue
[2020.03.30-13.44.29:466][913]LogEditorTransaction: Undo Move Node
[2020.03.30-13.44.30:154][934]LogEditorTransaction: Undo Move Node
[2020.03.30-13.44.30:679][953]LogEditorTransaction: Undo Paste clipboard contents
[2020.03.30-13.44.31:416][977]LogEditorTransaction: Undo Paste clipboard contents
[2020.03.30-13.44.31:971][998]LogEditorTransaction: Undo Paste clipboard contents
[2020.03.30-13.44.33:299][ 55]BlueprintLog: New page: Compile BP_Blue
[2020.03.30-13.44.35:383][ 55]LogUObjectHash: Compacting FUObjectHashTables data took  26.37ms
[2020.03.30-13.44.46:238][543]LogSavePackage: Moving 'D:/MyProjects/ProjectBlueUE422/ProjectBlue/ProjectBlue/ProjectBlue/Saved/BP_BlueDF686A8E4619C47EDCB871B9D5344DFA.tmp' to 'D:/MyProjects/ProjectBlueUE422/ProjectBlue/ProjectBlue/ProjectBlue/Content/TopDownBP/Blueprints/BLUE/BP_Blue.uasset'
[2020.03.30-13.45.31:395][721]LogUObjectHash: Compacting FUObjectHashTables data took 105.90ms
[2020.03.30-13.45.32:012][721]LogSavePackage: Moving 'D:/MyProjects/ProjectBlueUE422/ProjectBlue/ProjectBlue/ProjectBlue/Saved/TopDownExampleMap_Auto132F015834DFB1136D2B85AA829A6D2B7.tmp' to 'D:/MyProjects/ProjectBlueUE422/ProjectBlue/ProjectBlue/ProjectBlue/Saved/Autosaves/Game/TopDownBP/Maps/TopDownExampleMap_Auto1.umap'
[2020.03.30-13.45.32:048][721]LogFileHelpers: Editor autosave (incl. sublevels) for '/Game/TopDownBP/Maps/TopDownExampleMap' took 0.936
[2020.03.30-13.45.32:048][721]LogFileHelpers: Editor autosave (incl. sublevels) for all levels took 0.936
